#
# There is insufficient memory for the Java Runtime Environment to continue.
# Native memory allocation (mmap) failed to map 65536 bytes. Error detail: Failed to commit metaspace.
# Possible reasons:
#   The system is out of physical RAM or swap space
#   This process is running with CompressedOops enabled, and the Java Heap may be blocking the growth of the native heap
# Possible solutions:
#   Reduce memory load on the system
#   Increase physical memory or swap space
#   Check if swap backing store is full
#   Decrease Java heap size (-Xmx/-Xms)
#   Decrease number of Java threads
#   Decrease Java thread stack sizes (-Xss)
#   Set larger code cache with -XX:ReservedCodeCacheSize=
#   JVM is running with Unscaled Compressed Oops mode in which the Java heap is
#     placed in the first 4GB address space. The Java Heap base address is the
#     maximum limit for the native heap growth. Please use -XX:HeapBaseMinAddress
#     to set the Java Heap base and to place the Java Heap above 4GB virtual address.
# This output file may be truncated or incomplete.
#
#  Out of Memory Error (virtualSpaceNode.cpp:110), pid=26212, tid=20560
#
# JRE version: OpenJDK Runtime Environment Temurin-17.0.12+7 (17.0.12+7) (build 17.0.12+7)
# Java VM: OpenJDK 64-Bit Server VM Temurin-17.0.12+7 (17.0.12+7, mixed mode, sharing, tiered, compressed oops, compressed class ptrs, g1 gc, windows-amd64)
# No core dump will be written. Minidumps are not enabled by default on client versions of Windows
#

---------------  S U M M A R Y ------------

Command Line: -XX:+ShowCodeDetailsInExceptionMessages com.alibou.websocket.ChatApplication

Host: AMD Ryzen 5 4500U with Radeon Graphics         , 6 cores, 7G,  Windows 11 , 64 bit Build 22621 (10.0.22621.3958)
Time: Sat Sep 14 18:43:13 2024 India Standard Time elapsed time: 1.945532 seconds (0d 0h 0m 1s)

---------------  T H R E A D  ---------------

Current thread (0x000002a0b5a8b400):  JavaThread "main" [_thread_in_vm, id=20560, stack(0x000000ba42f00000,0x000000ba43000000)]

Stack: [0x000000ba42f00000,0x000000ba43000000]
Native frames: (J=compiled Java code, j=interpreted, Vv=VM code, C=native code)
V  [jvm.dll+0x67f929]
V  [jvm.dll+0x8371ba]
V  [jvm.dll+0x838c7e]
V  [jvm.dll+0x8392e3]
V  [jvm.dll+0x24834f]
V  [jvm.dll+0x832e6d]
V  [jvm.dll+0x623e9e]
V  [jvm.dll+0x1c1e3b]
V  [jvm.dll+0x6267ed]
V  [jvm.dll+0x624846]
V  [jvm.dll+0x23c6df]
V  [jvm.dll+0x62e735]
V  [jvm.dll+0x1ebe7b]
V  [jvm.dll+0x1ec3b5]
V  [jvm.dll+0x1ece72]
V  [jvm.dll+0x1e2261]
V  [jvm.dll+0x54468e]
V  [jvm.dll+0x7b1158]
V  [jvm.dll+0x7b1244]
V  [jvm.dll+0x4117c5]
V  [jvm.dll+0x417949]
C  [java.dll+0x17ec]

Java frames: (J=compiled Java code, j=interpreted, Vv=VM code)
J 680  java.lang.ClassLoader.defineClass1(Ljava/lang/ClassLoader;Ljava/lang/String;[BIILjava/security/ProtectionDomain;Ljava/lang/String;)Ljava/lang/Class; java.base@17.0.12 (0 bytes) @ 0x000002a0c50cad63 [0x000002a0c50caca0+0x00000000000000c3]
J 910 c1 java.lang.ClassLoader.defineClass(Ljava/lang/String;[BIILjava/security/ProtectionDomain;)Ljava/lang/Class; java.base@17.0.12 (43 bytes) @ 0x000002a0bd76b2d4 [0x000002a0bd76af80+0x0000000000000354]
J 818 c1 java.security.SecureClassLoader.defineClass(Ljava/lang/String;[BIILjava/security/CodeSource;)Ljava/lang/Class; java.base@17.0.12 (16 bytes) @ 0x000002a0bd73fe8c [0x000002a0bd73fdc0+0x00000000000000cc]
J 681 c1 jdk.internal.loader.BuiltinClassLoader.defineClass(Ljava/lang/String;Ljdk/internal/loader/Resource;)Ljava/lang/Class; java.base@17.0.12 (121 bytes) @ 0x000002a0bd6f6de4 [0x000002a0bd6f5e80+0x0000000000000f64]
J 707 c1 jdk.internal.loader.BuiltinClassLoader.findClassOnClassPathOrNull(Ljava/lang/String;)Ljava/lang/Class; java.base@17.0.12 (64 bytes) @ 0x000002a0bd703534 [0x000002a0bd702480+0x00000000000010b4]
J 486 c1 jdk.internal.loader.BuiltinClassLoader.loadClassOrNull(Ljava/lang/String;Z)Ljava/lang/Class; java.base@17.0.12 (143 bytes) @ 0x000002a0bd693ecc [0x000002a0bd692fc0+0x0000000000000f0c]
J 499 c1 jdk.internal.loader.ClassLoaders$AppClassLoader.loadClass(Ljava/lang/String;Z)Ljava/lang/Class; java.base@17.0.12 (40 bytes) @ 0x000002a0bd699784 [0x000002a0bd699160+0x0000000000000624]
J 498 c1 java.lang.ClassLoader.loadClass(Ljava/lang/String;)Ljava/lang/Class; java.base@17.0.12 (7 bytes) @ 0x000002a0bd698dcc [0x000002a0bd698cc0+0x000000000000010c]
v  ~StubRoutines::call_stub
j  org.springframework.boot.convert.ApplicationConversionService.addDelimitedStringConverters(Lorg/springframework/core/convert/converter/ConverterRegistry;)V+6
j  org.springframework.boot.convert.ApplicationConversionService.addApplicationConverters(Lorg/springframework/core/convert/converter/ConverterRegistry;)V+1
j  org.springframework.boot.convert.ApplicationConversionService.configure(Lorg/springframework/format/FormatterRegistry;)V+13
j  org.springframework.boot.convert.ApplicationConversionService.<init>(Lorg/springframework/util/StringValueResolver;Z)V+14
j  org.springframework.boot.convert.ApplicationConversionService.<init>(Lorg/springframework/util/StringValueResolver;)V+3
j  org.springframework.boot.convert.ApplicationConversionService.<init>()V+2
j  org.springframework.boot.SpringApplication.configureEnvironment(Lorg/springframework/core/env/ConfigurableEnvironment;[Ljava/lang/String;)V+12
j  org.springframework.boot.SpringApplication.prepareEnvironment(Lorg/springframework/boot/SpringApplicationRunListeners;Lorg/springframework/boot/DefaultBootstrapContext;Lorg/springframework/boot/ApplicationArguments;)Lorg/springframework/core/env/ConfigurableEnvironment;+15
j  org.springframework.boot.SpringApplication.run([Ljava/lang/String;)Lorg/springframework/context/ConfigurableApplicationContext;+52
j  org.springframework.boot.SpringApplication.run([Ljava/lang/Class;[Ljava/lang/String;)Lorg/springframework/context/ConfigurableApplicationContext;+9
j  org.springframework.boot.SpringApplication.run(Ljava/lang/Class;[Ljava/lang/String;)Lorg/springframework/context/ConfigurableApplicationContext;+9
j  com.alibou.websocket.ChatApplication.main([Ljava/lang/String;)V+3
v  ~StubRoutines::call_stub

Compiled method (n/a)    1984  680     n 0       java.lang.ClassLoader::defineClass1 (native)
 total in heap  [0x000002a0c50cab10,0x000002a0c50caff0] = 1248
 relocation     [0x000002a0c50cac68,0x000002a0c50caca0] = 56
 main code      [0x000002a0c50caca0,0x000002a0c50caff0] = 848

[Constant Pool (empty)]

[MachCode]
[Entry Point]
  # {method} {0x000002a0d4010f28} 'defineClass1' '(Ljava/lang/ClassLoader;Ljava/lang/String;[BIILjava/security/ProtectionDomain;Ljava/lang/String;)Ljava/lang/Class;' in 'java/lang/ClassLoader'
  # parm0:    rdx:rdx   = 'java/lang/ClassLoader'
  # parm1:    r8:r8     = 'java/lang/String'
  # parm2:    r9:r9     = '[B'
  # parm3:    rdi       = int
  # parm4:    rsi       = int
  # parm5:    rcx:rcx   = 'java/security/ProtectionDomain'
  # parm6:    [sp+0xa0]   = 'java/lang/String'  (sp of caller)
  0x000002a0c50caca0: 448b 5208 | 49bb 0000 | 00d4 a002 | 0000 4d03 | d349 3bc2 | 0f84 0600 

  0x000002a0c50cacb8: ;   {runtime_call ic_miss_stub}
  0x000002a0c50cacb8: 0000 e9c1 | 63a7 ff90 
[Verified Entry Point]
  0x000002a0c50cacc0: 8984 2400 | 90ff ff55 | 488b ec48 | 81ec 9000 | 0000 4881 | 7d10 0000 | 0000 488d | 4510 480f 
  0x000002a0c50cace0: 4445 1048 | 8944 2440 | 4889 4c24 | 7048 83f9 | 0048 8d44 | 2470 480f | 4444 2470 | 4889 4424 
  0x000002a0c50cad00: 3848 8974 | 2430 4889 | 7c24 284c | 894c 2458 | 4983 f900 | 488d 4424 | 5848 0f44 | 4424 5848 
  0x000002a0c50cad20: 8944 2420 | 4c89 4424 | 5049 83f8 | 004c 8d4c | 2450 4c0f | 444c 2450 | 4889 5424 | 4848 83fa 
  0x000002a0c50cad40: 004c 8d44 | 2448 4c0f | 4444 2448 

  0x000002a0c50cad4c: ;   {oop(a 'java/lang/Class'{0x00000000913013f8} = 'java/lang/ClassLoader')}
  0x000002a0c50cad4c: 49be f813 | 3091 0000 | 0000 4c89 | 7424 784c | 8d74 2478 | 498b d6c5 

  0x000002a0c50cad64: ;   {internal_word}
  0x000002a0c50cad64: f877 49ba | 63ad 0cc5 | a002 0000 | 4d89 97a0 | 0200 0049 | 89a7 9802 

  0x000002a0c50cad7c: ;   {external_word}
  0x000002a0c50cad7c: 0000 49ba | cfb5 3633 | fe7f 0000 | 4180 3a00 | 0f84 5200 | 0000 5241 

  0x000002a0c50cad94: ;   {metadata({method} {0x000002a0d4010f28} 'defineClass1' '(Ljava/lang/ClassLoader;Ljava/lang/String;[BIILjava/security/ProtectionDomain;Ljava/lang/String;)Ljava/lang/Class;' in 'java/lang/ClassLoader')}
  0x000002a0c50cad94: 5041 5148 | ba20 0f01 | d4a0 0200 | 0049 8bcf | 4883 ec20 | f7c4 0f00 | 0000 0f84 | 1a00 0000 
  0x000002a0c50cadb4: 4883 ec08 

  0x000002a0c50cadb8: ;   {runtime_call}
  0x000002a0c50cadb8: 49ba 904c | ec32 fe7f | 0000 41ff | d248 83c4 | 08e9 0d00 

  0x000002a0c50cadcc: ;   {runtime_call}
  0x000002a0c50cadcc: 0000 49ba | 904c ec32 | fe7f 0000 | 41ff d248 | 83c4 2041 | 5941 585a | 498d 8fb8 | 0200 0041 
  0x000002a0c50cadec: c787 4803 | 0000 0400 

  0x000002a0c50cadf4: ;   {runtime_call}
  0x000002a0c50cadf4: 0000 49ba | ac16 6592 | fe7f 0000 | 41ff d2c5 | f877 41c7 | 8748 0300 | 0005 0000 | 00f0 8344 
  0x000002a0c50cae14: 24c0 0049 | 3baf 5003 | 0000 0f87 | 1100 0000 | 4181 bf38 | 0300 0000 | 0000 000f | 842c 0000 
  0x000002a0c50cae34: 00c5 f877 | 4889 45f8 | 498b cf4c | 8be4 4883 | ec20 4883 

  0x000002a0c50cae48: ;   {runtime_call}
  0x000002a0c50cae48: e4f0 49ba | 906a fc32 | fe7f 0000 | 41ff d249 | 8be4 4d33 | e448 8b45 | f841 c787 | 4803 0000 
  0x000002a0c50cae68: 0800 0000 | 4181 bfb8 | 0300 0002 | 0000 000f | 843f 0100 

  0x000002a0c50cae7c: ;   {external_word}
  0x000002a0c50cae7c: 0049 bacf | b536 33fe | 7f00 0041 | 803a 000f | 8450 0000 | 0048 8945 

  0x000002a0c50cae94: ;   {metadata({method} {0x000002a0d4010f28} 'defineClass1' '(Ljava/lang/ClassLoader;Ljava/lang/String;[BIILjava/security/ProtectionDomain;Ljava/lang/String;)Ljava/lang/Class;' in 'java/lang/ClassLoader')}
  0x000002a0c50cae94: f848 ba20 | 0f01 d4a0 | 0200 0049 | 8bcf 4883 | ec20 f7c4 | 0f00 0000 | 0f84 1a00 | 0000 4883 
  0x000002a0c50caeb4: ;   {runtime_call}
  0x000002a0c50caeb4: ec08 49ba | 904c ec32 | fe7f 0000 | 41ff d248 | 83c4 08e9 | 0d00 0000 

  0x000002a0c50caecc: ;   {runtime_call}
  0x000002a0c50caecc: 49ba 904c | ec32 fe7f | 0000 41ff | d248 83c4 | 2048 8b45 | f849 c787 | 9802 0000 | 0000 0000 
  0x000002a0c50caeec: 49c7 87a0 | 0200 0000 | 0000 00c5 | f877 4885 | c00f 8493 | 0000 0048 | f7c0 0100 | 0000 0f84 
  0x000002a0c50caf0c: 8300 0000 | 488b 40ff | 4180 7f38 | 000f 846f | 0000 0048 | 83f8 000f | 8465 0000 | 0049 8b4f 
  0x000002a0c50caf2c: 2048 83f9 | 000f 8414 | 0000 0048 | 83e9 0849 | 894f 2049 | 034f 3048 | 8901 e943 | 0000 0050 
  0x000002a0c50caf4c: 498b d748 | 8bc8 4883 | ec20 f7c4 | 0f00 0000 | 0f84 1a00 | 0000 4883 

  0x000002a0c50caf64: ;   {runtime_call}
  0x000002a0c50caf64: ec08 49ba | 9055 ab32 | fe7f 0000 | 41ff d248 | 83c4 08e9 | 0d00 0000 

  0x000002a0c50caf7c: ;   {runtime_call}
  0x000002a0c50caf7c: 49ba 9055 | ab32 fe7f | 0000 41ff | d248 83c4 | 2058 e903 | 0000 0048 | 8b00 498b | 8fd8 0000 
  0x000002a0c50caf9c: 00c7 8100 | 0100 0000 | 0000 00c9 | 4981 7f08 | 0000 0000 | 0f85 0100 

  0x000002a0c50cafb4: ;   {runtime_call StubRoutines (1)}
  0x000002a0c50cafb4: 0000 c3e9 | 445f a2ff | c5f8 7748 | 8945 f84c | 8be4 4883 | ec20 4883 

  0x000002a0c50cafcc: ;   {runtime_call}
  0x000002a0c50cafcc: e4f0 49ba | 107d ec32 | fe7f 0000 | 41ff d249 | 8be4 4d33 | e448 8b45 | f8e9 93fe | ffff f4f4 
  0x000002a0c50cafec: f4f4 f4f4 
[/MachCode]


Compiled method (c1)    1992  910       3       java.lang.ClassLoader::defineClass (43 bytes)
 total in heap  [0x000002a0bd76ad90,0x000002a0bd76b6c8] = 2360
 relocation     [0x000002a0bd76aee8,0x000002a0bd76af78] = 144
 main code      [0x000002a0bd76af80,0x000002a0bd76b420] = 1184
 stub code      [0x000002a0bd76b420,0x000002a0bd76b498] = 120
 metadata       [0x000002a0bd76b498,0x000002a0bd76b4c8] = 48
 scopes data    [0x000002a0bd76b4c8,0x000002a0bd76b5b8] = 240
 scopes pcs     [0x000002a0bd76b5b8,0x000002a0bd76b698] = 224
 dependencies   [0x000002a0bd76b698,0x000002a0bd76b6a0] = 8
 nul chk table  [0x000002a0bd76b6a0,0x000002a0bd76b6c8] = 40

[Constant Pool (empty)]

[MachCode]
[Entry Point]
  # {method} {0x000002a0d4010cc0} 'defineClass' '(Ljava/lang/String;[BIILjava/security/ProtectionDomain;)Ljava/lang/Class;' in 'java/lang/ClassLoader'
  # this:     rdx:rdx   = 'java/lang/ClassLoader'
  # parm0:    r8:r8     = 'java/lang/String'
  # parm1:    r9:r9     = '[B'
  # parm2:    rdi       = int
  # parm3:    rsi       = int
  # parm4:    rcx:rcx   = 'java/security/ProtectionDomain'
  #           [sp+0xc0]  (sp of caller)
  0x000002a0bd76af80: 448b 5208 | 49bb 0000 | 00d4 a002 | 0000 4d03 | d34c 3bd0 

  0x000002a0bd76af94: ;   {runtime_call ic_miss_stub}
  0x000002a0bd76af94: 0f85 e660 | 3d07 660f | 1f44 0000 
[Verified Entry Point]
  0x000002a0bd76afa0: 8984 2400 | 90ff ff55 | 4881 ecb0 | 0000 0048 | 8954 2478 

  0x000002a0bd76afb4: ;   {metadata(method data for {method} {0x000002a0d4010cc0} 'defineClass' '(Ljava/lang/String;[BIILjava/security/ProtectionDomain;)Ljava/lang/Class;' in 'java/lang/ClassLoader')}
  0x000002a0bd76afb4: 48bb 4079 | 1e15 a102 | 0000 8b83 | cc00 0000 | 83c0 0289 | 83cc 0000 | 0081 e0fe | 0700 0083 
  0x000002a0bd76afd4: f800 0f84 | 4e03 0000 | 89b4 2494 | 0000 0089 | bc24 9000 | 0000 4c89 | 8c24 8800 | 0000 488b 
  0x000002a0bd76aff4: ;   {metadata(method data for {method} {0x000002a0d4010cc0} 'defineClass' '(Ljava/lang/String;[BIILjava/security/ProtectionDomain;)Ljava/lang/Class;' in 'java/lang/ClassLoader')}
  0x000002a0bd76aff4: da48 b840 | 791e 15a1 | 0200 0048 | 8380 1001 | 0000 0149 | 8bd8 4c8b | c34c 8bc9 | 488b ca48 
  0x000002a0bd76b014: 8bd1 4889 | 9c24 8000 

  0x000002a0bd76b01c: ;   {optimized virtual_call}
  0x000002a0bd76b01c: 0000 90e8 

  0x000002a0bd76b020: ; ImmutableOopMap {[120]=Oop [136]=Oop [128]=Oop }
                      ;*invokevirtual preDefineClass {reexecute=0 rethrow=0 return_oop=0}
                      ; - java.lang.ClassLoader::defineClass@4 (line 1015)
  0x000002a0bd76b020: fca0 fdff | 4889 8424 | 9800 0000 | 488b 5424 

  0x000002a0bd76b030: ;   {metadata(method data for {method} {0x000002a0d4010cc0} 'defineClass' '(Ljava/lang/String;[BIILjava/security/ProtectionDomain;)Ljava/lang/Class;' in 'java/lang/ClassLoader')}
  0x000002a0bd76b030: 7849 b840 | 791e 15a1 | 0200 0049 | 8380 4801 

  0x000002a0bd76b040: ;   {metadata(method data for {method} {0x000002a0d4010ed0} 'defineClassSourceLocation' '(Ljava/security/ProtectionDomain;)Ljava/lang/String;' in 'java/lang/ClassLoader')}
  0x000002a0bd76b040: 0000 0149 | b830 a01e | 15a1 0200 | 0041 8b90 | cc00 0000 | 83c2 0241 | 8990 cc00 | 0000 81e2 
  0x000002a0bd76b060: feff 1f00 | 83fa 000f | 84de 0200 | 0048 3b00 

  0x000002a0bd76b070: ;   {metadata(method data for {method} {0x000002a0d4010ed0} 'defineClassSourceLocation' '(Ljava/security/ProtectionDomain;)Ljava/lang/String;' in 'java/lang/ClassLoader')}
  0x000002a0bd76b070: 4c8b c048 | ba30 a01e | 15a1 0200 | 0048 8382 | 1001 0000 | 0144 8b40 | 1049 83f8 

  0x000002a0bd76b08c: ;   {metadata(method data for {method} {0x000002a0d4010ed0} 'defineClassSourceLocation' '(Ljava/security/ProtectionDomain;)Ljava/lang/String;' in 'java/lang/ClassLoader')}
  0x000002a0bd76b08c: 0048 ba30 | a01e 15a1 | 0200 0048 | be58 0100 | 0000 0000 | 000f 850a | 0000 0048 | be48 0100 
  0x000002a0bd76b0ac: 0000 0000 | 0048 8b3c | 3248 8d7f | 0148 893c | 320f 850f 

  0x000002a0bd76b0c0: ;   {oop(NULL)}
  0x000002a0bd76b0c0: 0000 0048 | bb00 0000 | 0000 0000 | 00e9 ad01 | 0000 493b | 0049 8bd0 

  0x000002a0bd76b0d8: ;   {metadata(method data for {method} {0x000002a0d4010ed0} 'defineClassSourceLocation' '(Ljava/security/ProtectionDomain;)Ljava/lang/String;' in 'java/lang/ClassLoader')}
  0x000002a0bd76b0d8: 48be 30a0 | 1e15 a102 | 0000 4883 | 8668 0100 | 0001 418b | 500c 4883 

  0x000002a0bd76b0f0: ;   {metadata(method data for {method} {0x000002a0d4010ed0} 'defineClassSourceLocation' '(Ljava/security/ProtectionDomain;)Ljava/lang/String;' in 'java/lang/ClassLoader')}
  0x000002a0bd76b0f0: fa00 48be | 30a0 1e15 | a102 0000 | 48bf b001 | 0000 0000 | 0000 0f85 | 0a00 0000 | 48bf a001 
  0x000002a0bd76b110: 0000 0000 | 0000 488b | 1c3e 488d | 5b01 4889 | 1c3e 0f85 | 0f00 0000 

  0x000002a0bd76b128: ;   {oop(NULL)}
  0x000002a0bd76b128: 48bb 0000 | 0000 0000 | 0000 e948 

  0x000002a0bd76b134: ;   {metadata(method data for {method} {0x000002a0d4010ed0} 'defineClassSourceLocation' '(Ljava/security/ProtectionDomain;)Ljava/lang/String;' in 'java/lang/ClassLoader')}
  0x000002a0bd76b134: 0100 0048 | be30 a01e | 15a1 0200 | 0048 8386 | c001 0000 | 0148 3b02 

  0x000002a0bd76b14c: ;   {metadata(method data for {method} {0x000002a0d4010ed0} 'defineClassSourceLocation' '(Ljava/security/ProtectionDomain;)Ljava/lang/String;' in 'java/lang/ClassLoader')}
  0x000002a0bd76b14c: 4c8b c248 | be30 a01e | 15a1 0200 | 0048 8386 | f801 0000 

  0x000002a0bd76b160: ;   {metadata(method data for {method} {0x000002a0d4069960} 'toString' '()Ljava/lang/String;' in 'java/net/URL')}
  0x000002a0bd76b160: 0149 b810 | 4116 15a1 | 0200 0041 | 8bb0 cc00 | 0000 83c6 | 0241 89b0 | cc00 0000 | 81e6 feff 
  0x000002a0bd76b180: 1f00 83fe | 000f 84f0 | 0100 004c 

  0x000002a0bd76b18c: ;   {metadata(method data for {method} {0x000002a0d4069960} 'toString' '()Ljava/lang/String;' in 'java/net/URL')}
  0x000002a0bd76b18c: 8bc2 48be | 1041 1615 | a102 0000 | 4883 8610 | 0100 0001 

  0x000002a0bd76b1a0: ;   {metadata(method data for {method} {0x000002a0d406a1f8} 'toExternalForm' '()Ljava/lang/String;' in 'java/net/URL')}
  0x000002a0bd76b1a0: 49b8 9842 | 1615 a102 | 0000 418b | b0cc 0000 | 0083 c602 | 4189 b0cc | 0000 0081 | e6fe ff1f 
  0x000002a0bd76b1c0: 0083 fe00 | 0f84 d201 | 0000 8b72 | 3848 3b06 

  0x000002a0bd76b1d0: ;   {metadata(method data for {method} {0x000002a0d406a1f8} 'toExternalForm' '()Ljava/lang/String;' in 'java/net/URL')}
  0x000002a0bd76b1d0: 4c8b c648 | bf98 4216 | 15a1 0200 | 0045 8b40 | 0849 ba00 | 0000 d4a0 | 0200 004d | 03c2 4c3b 
  0x000002a0bd76b1f0: 8720 0100 | 0075 0d48 | 8387 2801 | 0000 01e9 | 6600 0000 | 4c3b 8730 | 0100 0075 | 0d48 8387 
  0x000002a0bd76b210: 3801 0000 | 01e9 5000 | 0000 4881 | bf20 0100 | 0000 0000 | 0075 174c | 8987 2001 | 0000 48c7 
  0x000002a0bd76b230: 8728 0100 | 0001 0000 | 00e9 2c00 | 0000 4881 | bf30 0100 | 0000 0000 | 0075 174c | 8987 3001 
  0x000002a0bd76b250: 0000 48c7 | 8738 0100 | 0001 0000 | 00e9 0800 | 0000 4883 | 8710 0100 | 0001 4c8b | c248 8bd6 
  0x000002a0bd76b270: 0f1f 8000 

  0x000002a0bd76b274: ;   {optimized virtual_call}
  0x000002a0bd76b274: 0000 00e8 

  0x000002a0bd76b278: ; ImmutableOopMap {[120]=Oop [136]=Oop [128]=Oop [152]=Oop }
                      ;*invokevirtual toExternalForm {reexecute=0 rethrow=0 return_oop=0}
                      ; - java.net.URL::toExternalForm@5 (line 1039)
                      ; - java.net.URL::toString@1 (line 1025)
                      ; - java.lang.ClassLoader::defineClassSourceLocation@22 (line 917)
                      ; - java.lang.ClassLoader::defineClass@12 (line 1016)
  0x000002a0bd76b278: c42c fcff | 488b d848 | 8b84 2498 | 0000 008b | b424 9400 | 0000 8bbc | 2490 0000 | 004c 8b8c 
  0x000002a0bd76b298: 2488 0000 | 004c 8b84 | 2480 0000 | 0048 8b54 

  0x000002a0bd76b2a8: ;   {metadata(method data for {method} {0x000002a0d4010cc0} 'defineClass' '(Ljava/lang/String;[BIILjava/security/ProtectionDomain;)Ljava/lang/Class;' in 'java/lang/ClassLoader')}
  0x000002a0bd76b2a8: 2478 48b9 | 4079 1e15 | a102 0000 | 4883 8180 | 0100 0001 | 4c8b da49 | 8bd3 488b | c848 891c 
  0x000002a0bd76b2c8: 2466 0f1f 

  0x000002a0bd76b2cc: ;   {static_call}
  0x000002a0bd76b2cc: 4400 00e8 

  0x000002a0bd76b2d0: ; ImmutableOopMap {[152]=Oop [120]=Oop }
                      ;*invokestatic defineClass1 {reexecute=0 rethrow=0 return_oop=0}
                      ; - java.lang.ClassLoader::defineClass@27 (line 1017)
  0x000002a0bd76b2d0: ecf9 9507 | 488b 5424 

  0x000002a0bd76b2d8: ;   {metadata(method data for {method} {0x000002a0d4010cc0} 'defineClass' '(Ljava/lang/String;[BIILjava/security/ProtectionDomain;)Ljava/lang/Class;' in 'java/lang/ClassLoader')}
  0x000002a0bd76b2d8: 7849 b840 | 791e 15a1 | 0200 0049 | 8380 9001 | 0000 014c | 8bc0 4c8b | 8c24 9800 | 0000 488b 
  0x000002a0bd76b2f8: 5424 7848 | 8984 24a0 | 0000 000f 

  0x000002a0bd76b304: ;   {optimized virtual_call}
  0x000002a0bd76b304: 1f40 00e8 

  0x000002a0bd76b308: ; ImmutableOopMap {[160]=Oop }
                      ;*invokevirtual postDefineClass {reexecute=0 rethrow=0 return_oop=0}
                      ; - java.lang.ClassLoader::defineClass@37 (line 1018)
  0x000002a0bd76b308: 94f5 f8ff | 488b 8424 | a000 0000 | 4881 c4b0 | 0000 005d 

  0x000002a0bd76b31c: ;   {poll_return}
  0x000002a0bd76b31c: 493b a750 | 0300 000f | 8799 0000 

  0x000002a0bd76b328: ;   {metadata({method} {0x000002a0d4010cc0} 'defineClass' '(Ljava/lang/String;[BIILjava/security/ProtectionDomain;)Ljava/lang/Class;' in 'java/lang/ClassLoader')}
  0x000002a0bd76b328: 00c3 49ba | b80c 01d4 | a002 0000 | 4c89 5424 | 0848 c704 | 24ff ffff 

  0x000002a0bd76b340: ;   {runtime_call counter_overflow Runtime1 stub}
  0x000002a0bd76b340: ffe8 ba56 

  0x000002a0bd76b344: ; ImmutableOopMap {rdx=Oop [120]=Oop r8=Oop r9=Oop rcx=Oop }
                      ;*synchronization entry
                      ; - java.lang.ClassLoader::defineClass@-1 (line 1015)
  0x000002a0bd76b344: 4807 e991 

  0x000002a0bd76b348: ;   {metadata({method} {0x000002a0d4010ed0} 'defineClassSourceLocation' '(Ljava/security/ProtectionDomain;)Ljava/lang/String;' in 'java/lang/ClassLoader')}
  0x000002a0bd76b348: fcff ff49 | bac8 0e01 | d4a0 0200 | 004c 8954 | 2408 48c7 | 0424 ffff 

  0x000002a0bd76b360: ;   {runtime_call counter_overflow Runtime1 stub}
  0x000002a0bd76b360: ffff e899 

  0x000002a0bd76b364: ; ImmutableOopMap {[120]=Oop [136]=Oop [128]=Oop rax=Oop [152]=Oop }
                      ;*synchronization entry
                      ; - java.lang.ClassLoader::defineClassSourceLocation@-1 (line 914)
                      ; - java.lang.ClassLoader::defineClass@12 (line 1016)
  0x000002a0bd76b364: 5648 07e9 | 01fd ffff 

  0x000002a0bd76b36c: ;   {runtime_call throw_null_pointer_exception Runtime1 stub}
  0x000002a0bd76b36c: e82f 263f 

  0x000002a0bd76b370: ; ImmutableOopMap {[120]=Oop [136]=Oop [128]=Oop rax=Oop [152]=Oop }
                      ;*invokevirtual getCodeSource {reexecute=0 rethrow=0 return_oop=0}
                      ; - java.lang.ClassLoader::defineClassSourceLocation@1 (line 914)
                      ; - java.lang.ClassLoader::defineClass@12 (line 1016)
                      ;   {runtime_call throw_null_pointer_exception Runtime1 stub}
  0x000002a0bd76b370: 07e8 2a26 

  0x000002a0bd76b374: ; ImmutableOopMap {[120]=Oop [136]=Oop [128]=Oop rax=Oop [152]=Oop r8=Oop }
                      ;*invokevirtual getLocation {reexecute=0 rethrow=0 return_oop=0}
                      ; - java.lang.ClassLoader::defineClassSourceLocation@12 (line 916)
                      ; - java.lang.ClassLoader::defineClass@12 (line 1016)
                      ;   {runtime_call throw_null_pointer_exception Runtime1 stub}
  0x000002a0bd76b374: 3f07 e825 

  0x000002a0bd76b378: ; ImmutableOopMap {[120]=Oop [136]=Oop [128]=Oop [152]=Oop rdx=Oop }
                      ;*invokevirtual toString {reexecute=0 rethrow=0 return_oop=0}
                      ; - java.lang.ClassLoader::defineClassSourceLocation@22 (line 917)
                      ; - java.lang.ClassLoader::defineClass@12 (line 1016)
                      ;   {metadata({method} {0x000002a0d4069960} 'toString' '()Ljava/lang/String;' in 'java/net/URL')}
  0x000002a0bd76b378: 263f 0749 | ba58 9906 | d4a0 0200 | 004c 8954 | 2408 48c7 | 0424 ffff 

  0x000002a0bd76b390: ;   {runtime_call counter_overflow Runtime1 stub}
  0x000002a0bd76b390: ffff e869 

  0x000002a0bd76b394: ; ImmutableOopMap {[120]=Oop [136]=Oop [128]=Oop [152]=Oop rdx=Oop }
                      ;*synchronization entry
                      ; - java.net.URL::toString@-1 (line 1025)
                      ; - java.lang.ClassLoader::defineClassSourceLocation@22 (line 917)
                      ; - java.lang.ClassLoader::defineClass@12 (line 1016)
  0x000002a0bd76b394: 5648 07e9 | effd ffff 

  0x000002a0bd76b39c: ;   {metadata({method} {0x000002a0d406a1f8} 'toExternalForm' '()Ljava/lang/String;' in 'java/net/URL')}
  0x000002a0bd76b39c: 49ba f0a1 | 06d4 a002 | 0000 4c89 | 5424 0848 | c704 24ff 

  0x000002a0bd76b3b0: ;   {runtime_call counter_overflow Runtime1 stub}
  0x000002a0bd76b3b0: ffff ffe8 

  0x000002a0bd76b3b4: ; ImmutableOopMap {[120]=Oop [136]=Oop [128]=Oop [152]=Oop rdx=Oop }
                      ;*synchronization entry
                      ; - java.net.URL::toExternalForm@-1 (line 1039)
                      ; - java.net.URL::toString@1 (line 1025)
                      ; - java.lang.ClassLoader::defineClassSourceLocation@22 (line 917)
                      ; - java.lang.ClassLoader::defineClass@12 (line 1016)
  0x000002a0bd76b3b4: 4856 4807 | e90d feff 

  0x000002a0bd76b3bc: ;   {runtime_call throw_null_pointer_exception Runtime1 stub}
  0x000002a0bd76b3bc: ffe8 de25 

  0x000002a0bd76b3c0: ; ImmutableOopMap {[120]=Oop [136]=Oop [128]=Oop [152]=Oop rdx=Oop rsi=Oop }
                      ;*invokevirtual toExternalForm {reexecute=0 rethrow=0 return_oop=0}
                      ; - java.net.URL::toExternalForm@5 (line 1039)
                      ; - java.net.URL::toString@1 (line 1025)
                      ; - java.lang.ClassLoader::defineClassSourceLocation@22 (line 917)
                      ; - java.lang.ClassLoader::defineClass@12 (line 1016)
                      ;   {internal_word}
  0x000002a0bd76b3c0: 3f07 49ba | 1cb3 76bd | a002 0000 | 4d89 9768 

  0x000002a0bd76b3d0: ;   {runtime_call SafepointBlob}
  0x000002a0bd76b3d0: 0300 00e9 | 28c6 3d07 | 9090 498b | 87e0 0300 | 0049 c787 | e003 0000 | 0000 0000 | 49c7 87e8 
  0x000002a0bd76b3f0: 0300 0000 | 0000 0048 | 81c4 b000 

  0x000002a0bd76b3fc: ;   {runtime_call unwind_exception Runtime1 stub}
  0x000002a0bd76b3fc: 0000 5de9 | 7c34 3f07 | f4f4 f4f4 | f4f4 f4f4 | f4f4 f4f4 | f4f4 f4f4 | f4f4 f4f4 | f4f4 f4f4 
  0x000002a0bd76b41c: f4f4 f4f4 
[Stub Code]
  0x000002a0bd76b420: ;   {no_reloc}
  0x000002a0bd76b420: 0f1f 4400 

  0x000002a0bd76b424: ;   {static_stub}
  0x000002a0bd76b424: 0048 bb00 | 0000 0000 

  0x000002a0bd76b42c: ;   {runtime_call}
  0x000002a0bd76b42c: 0000 00e9 | fbff ffff 

  0x000002a0bd76b434: ;   {static_stub}
  0x000002a0bd76b434: 9048 bb00 | 0000 0000 

  0x000002a0bd76b43c: ;   {runtime_call}
  0x000002a0bd76b43c: 0000 00e9 | fbff ffff 

  0x000002a0bd76b444: ;   {static_stub}
  0x000002a0bd76b444: 9048 bb00 | 0000 0000 

  0x000002a0bd76b44c: ;   {runtime_call}
  0x000002a0bd76b44c: 0000 00e9 | fbff ffff 

  0x000002a0bd76b454: ;   {static_stub}
  0x000002a0bd76b454: 9048 bb00 | 0000 0000 

  0x000002a0bd76b45c: ;   {runtime_call}
  0x000002a0bd76b45c: 0000 00e9 | fbff ffff 
[Exception Handler]
  0x000002a0bd76b464: ;   {runtime_call handle_exception_from_callee Runtime1 stub}
  0x000002a0bd76b464: e817 073f 

  0x000002a0bd76b468: ;   {external_word}
  0x000002a0bd76b468: 0748 b930 | ca10 33fe | 7f00 0048 

  0x000002a0bd76b474: ;   {runtime_call}
  0x000002a0bd76b474: 83e4 f049 | ba70 4cd9 | 32fe 7f00 | 0041 ffd2 

  0x000002a0bd76b484: ;   {section_word}
  0x000002a0bd76b484: f449 ba85 | b476 bda0 | 0200 0041 

  0x000002a0bd76b490: ;   {runtime_call DeoptimizationBlob}
  0x000002a0bd76b490: 52e9 0ab8 | 3d07 f4f4 
[/MachCode]


Compiled method (c1)    2004  818       3       java.security.SecureClassLoader::defineClass (16 bytes)
 total in heap  [0x000002a0bd73fc10,0x000002a0bd740000] = 1008
 relocation     [0x000002a0bd73fd68,0x000002a0bd73fdb0] = 72
 main code      [0x000002a0bd73fdc0,0x000002a0bd73ff00] = 320
 stub code      [0x000002a0bd73ff00,0x000002a0bd73ff58] = 88
 metadata       [0x000002a0bd73ff58,0x000002a0bd73ff60] = 8
 scopes data    [0x000002a0bd73ff60,0x000002a0bd73ffa8] = 72
 scopes pcs     [0x000002a0bd73ffa8,0x000002a0bd73fff8] = 80
 dependencies   [0x000002a0bd73fff8,0x000002a0bd740000] = 8

[Constant Pool (empty)]

[MachCode]
[Entry Point]
  # {method} {0x000002a0d4434710} 'defineClass' '(Ljava/lang/String;[BIILjava/security/CodeSource;)Ljava/lang/Class;' in 'java/security/SecureClassLoader'
  # this:     rdx:rdx   = 'java/security/SecureClassLoader'
  # parm0:    r8:r8     = 'java/lang/String'
  # parm1:    r9:r9     = '[B'
  # parm2:    rdi       = int
  # parm3:    rsi       = int
  # parm4:    rcx:rcx   = 'java/security/CodeSource'
  #           [sp+0x80]  (sp of caller)
  0x000002a0bd73fdc0: 448b 5208 | 49bb 0000 | 00d4 a002 | 0000 4d03 | d34c 3bd0 

  0x000002a0bd73fdd4: ;   {runtime_call ic_miss_stub}
  0x000002a0bd73fdd4: 0f85 a612 | 4007 660f | 1f44 0000 
[Verified Entry Point]
  0x000002a0bd73fde0: 8984 2400 | 90ff ff55 | 4883 ec70 

  0x000002a0bd73fdec: ;   {metadata(method data for {method} {0x000002a0d4434710} 'defineClass' '(Ljava/lang/String;[BIILjava/security/CodeSource;)Ljava/lang/Class;' in 'java/security/SecureClassLoader')}
  0x000002a0bd73fdec: 48bb f82d | 1a15 a102 | 0000 8b83 | cc00 0000 | 83c0 0289 | 83cc 0000 | 0081 e0fe | 0700 0083 
  0x000002a0bd73fe0c: f800 0f84 | 8b00 0000 | 8974 245c | 897c 2458 | 4c89 4c24 | 504c 8944 | 2448 488b 

  0x000002a0bd73fe28: ;   {metadata(method data for {method} {0x000002a0d4434710} 'defineClass' '(Ljava/lang/String;[BIILjava/security/CodeSource;)Ljava/lang/Class;' in 'java/security/SecureClassLoader')}
  0x000002a0bd73fe28: da48 b8f8 | 2d1a 15a1 | 0200 0048 | 8380 1001 | 0000 014c | 8bc1 488b | c248 8bd0 | 4889 4424 
  0x000002a0bd73fe48: 4066 0f1f 

  0x000002a0bd73fe4c: ;   {optimized virtual_call}
  0x000002a0bd73fe4c: 4400 00e8 

  0x000002a0bd73fe50: ; ImmutableOopMap {[80]=Oop [64]=Oop [72]=Oop }
                      ;*invokevirtual getProtectionDomain {reexecute=0 rethrow=0 return_oop=0}
                      ; - java.security.SecureClassLoader::defineClass@9 (line 150)
  0x000002a0bd73fe50: cc94 fbff | 488b 5424 

  0x000002a0bd73fe58: ;   {metadata(method data for {method} {0x000002a0d4434710} 'defineClass' '(Ljava/lang/String;[BIILjava/security/CodeSource;)Ljava/lang/Class;' in 'java/security/SecureClassLoader')}
  0x000002a0bd73fe58: 4049 b8f8 | 2d1a 15a1 | 0200 0049 | 8380 4801 | 0000 014c | 8b44 2448 | 4c8b 4c24 | 508b 7c24 
  0x000002a0bd73fe78: 588b 7424 | 5c48 8bc8 | 488b 5424 

  0x000002a0bd73fe84: ;   {optimized virtual_call}
  0x000002a0bd73fe84: 4066 90e8 

  0x000002a0bd73fe88: ; ImmutableOopMap {}
                      ;*invokevirtual defineClass {reexecute=0 rethrow=0 return_oop=0}
                      ; - java.security.SecureClassLoader::defineClass@12 (line 150)
  0x000002a0bd73fe88: 14b1 0200 | 4883 c470 

  0x000002a0bd73fe90: ;   {poll_return}
  0x000002a0bd73fe90: 5d49 3ba7 | 5003 0000 | 0f87 2200 

  0x000002a0bd73fe9c: ;   {metadata({method} {0x000002a0d4434710} 'defineClass' '(Ljava/lang/String;[BIILjava/security/CodeSource;)Ljava/lang/Class;' in 'java/security/SecureClassLoader')}
  0x000002a0bd73fe9c: 0000 c349 | ba08 4743 | d4a0 0200 | 004c 8954 | 2408 48c7 | 0424 ffff 

  0x000002a0bd73feb4: ;   {runtime_call counter_overflow Runtime1 stub}
  0x000002a0bd73feb4: ffff e845 

  0x000002a0bd73feb8: ; ImmutableOopMap {rdx=Oop r8=Oop r9=Oop rcx=Oop }
                      ;*synchronization entry
                      ; - java.security.SecureClassLoader::defineClass@-1 (line 150)
  0x000002a0bd73feb8: 0b4b 07e9 | 54ff ffff 

  0x000002a0bd73fec0: ;   {internal_word}
  0x000002a0bd73fec0: 49ba 91fe | 73bd a002 | 0000 4d89 | 9768 0300 

  0x000002a0bd73fed0: ;   {runtime_call SafepointBlob}
  0x000002a0bd73fed0: 00e9 2a7b | 4007 9090 | 498b 87e0 | 0300 0049 | c787 e003 | 0000 0000 | 0000 49c7 | 87e8 0300 
  0x000002a0bd73fef0: 0000 0000 | 0048 83c4 

  0x000002a0bd73fef8: ;   {runtime_call unwind_exception Runtime1 stub}
  0x000002a0bd73fef8: 705d e981 | e941 07f4 
[Stub Code]
  0x000002a0bd73ff00: ;   {no_reloc}
  0x000002a0bd73ff00: 0f1f 4400 

  0x000002a0bd73ff04: ;   {static_stub}
  0x000002a0bd73ff04: 0048 bb00 | 0000 0000 

  0x000002a0bd73ff0c: ;   {runtime_call}
  0x000002a0bd73ff0c: 0000 00e9 | fbff ffff 

  0x000002a0bd73ff14: ;   {static_stub}
  0x000002a0bd73ff14: 9048 bbb8 | 0c01 d4a0 

  0x000002a0bd73ff1c: ;   {runtime_call I2C/C2I adapters}
  0x000002a0bd73ff1c: 0200 00e9 | c777 3f07 
[Exception Handler]
  0x000002a0bd73ff24: ;   {runtime_call handle_exception_from_callee Runtime1 stub}
  0x000002a0bd73ff24: e857 bc41 

  0x000002a0bd73ff28: ;   {external_word}
  0x000002a0bd73ff28: 0748 b930 | ca10 33fe | 7f00 0048 

  0x000002a0bd73ff34: ;   {runtime_call}
  0x000002a0bd73ff34: 83e4 f049 | ba70 4cd9 | 32fe 7f00 | 0041 ffd2 

  0x000002a0bd73ff44: ;   {section_word}
  0x000002a0bd73ff44: f449 ba45 | ff73 bda0 | 0200 0041 

  0x000002a0bd73ff50: ;   {runtime_call DeoptimizationBlob}
  0x000002a0bd73ff50: 52e9 4a6d | 4007 f4f4 
[/MachCode]


---------------  P R O C E S S  ---------------

Threads class SMR info:
_java_thread_list=0x000002a0d3561540, length=12, elements={
0x000002a0b5a8b400, 0x000002a0d350ac10, 0x000002a0d350b7a0, 0x000002a0d3520150,
0x000002a0d3521a30, 0x000002a0d3523310, 0x000002a0d3525bf0, 0x000002a0d35268a0,
0x000002a0d352b270, 0x000002a0d352fba0, 0x000002a0d358c280, 0x000002a0d36f42e0
}

Java Threads: ( => current thread )
=>0x000002a0b5a8b400 JavaThread "main" [_thread_in_vm, id=20560, stack(0x000000ba42f00000,0x000000ba43000000)]
  0x000002a0d350ac10 JavaThread "Reference Handler" daemon [_thread_blocked, id=22952, stack(0x000000ba43600000,0x000000ba43700000)]
  0x000002a0d350b7a0 JavaThread "Finalizer" daemon [_thread_blocked, id=21592, stack(0x000000ba43700000,0x000000ba43800000)]
  0x000002a0d3520150 JavaThread "Signal Dispatcher" daemon [_thread_blocked, id=15824, stack(0x000000ba43800000,0x000000ba43900000)]
  0x000002a0d3521a30 JavaThread "Attach Listener" daemon [_thread_blocked, id=29120, stack(0x000000ba43900000,0x000000ba43a00000)]
  0x000002a0d3523310 JavaThread "Service Thread" daemon [_thread_blocked, id=24448, stack(0x000000ba43a00000,0x000000ba43b00000)]
  0x000002a0d3525bf0 JavaThread "Monitor Deflation Thread" daemon [_thread_blocked, id=25748, stack(0x000000ba43b00000,0x000000ba43c00000)]
  0x000002a0d35268a0 JavaThread "C2 CompilerThread0" daemon [_thread_blocked, id=21236, stack(0x000000ba43c00000,0x000000ba43d00000)]
  0x000002a0d352b270 JavaThread "C1 CompilerThread0" daemon [_thread_blocked, id=10632, stack(0x000000ba43d00000,0x000000ba43e00000)]
  0x000002a0d352fba0 JavaThread "Sweeper thread" daemon [_thread_blocked, id=11776, stack(0x000000ba43e00000,0x000000ba43f00000)]
  0x000002a0d358c280 JavaThread "Notification Thread" daemon [_thread_blocked, id=7472, stack(0x000000ba43f00000,0x000000ba44000000)]
  0x000002a0d36f42e0 JavaThread "Common-Cleaner" daemon [_thread_blocked, id=29264, stack(0x000000ba44100000,0x000000ba44200000)]

Other Threads:
  0x000002a0d3505a50 VMThread "VM Thread" [stack: 0x000000ba43500000,0x000000ba43600000] [id=2584]
  0x000002a0d358eb60 WatcherThread [stack: 0x000000ba44000000,0x000000ba44100000] [id=27176]
  0x000002a0b5ae9e30 GCTaskThread "GC Thread#0" [stack: 0x000000ba43000000,0x000000ba43100000] [id=29588]
  0x000002a0b5af9910 ConcurrentGCThread "G1 Main Marker" [stack: 0x000000ba43100000,0x000000ba43200000] [id=4588]
  0x000002a0b5afa240 ConcurrentGCThread "G1 Conc#0" [stack: 0x000000ba43200000,0x000000ba43300000] [id=9280]
  0x000002a0b5b3d9c0 ConcurrentGCThread "G1 Refine#0" [stack: 0x000000ba43300000,0x000000ba43400000] [id=15480]
  0x000002a0b5b3e300 ConcurrentGCThread "G1 Service" [stack: 0x000000ba43400000,0x000000ba43500000] [id=3056]

Threads with active compile tasks:

VM state: not at safepoint (normal execution)

VM Mutex/Monitor currently owned by a thread:  ([mutex/lock_event])
[0x000002a0b5a861b0] Metaspace_lock - owner thread: 0x000002a0b5a8b400

Heap address: 0x0000000089c00000, size: 1892 MB, Compressed Oops mode: 32-bit

CDS archive(s) mapped at: [0x000002a0d4000000-0x000002a0d4bb0000-0x000002a0d4bb0000), size 12255232, SharedBaseAddress: 0x000002a0d4000000, ArchiveRelocationMode: 1.
Compressed class space mapped at: 0x000002a0d5000000-0x000002a115000000, reserved size: 1073741824
Narrow klass base: 0x000002a0d4000000, Narrow klass shift: 0, Narrow klass range: 0x100000000

GC Precious Log:
 CPUs: 6 total, 6 available
 Memory: 7564M
 Large Page Support: Disabled
 NUMA Support: Disabled
 Compressed Oops: Enabled (32-bit)
 Heap Region Size: 1M
 Heap Min Capacity: 8M
 Heap Initial Capacity: 120M
 Heap Max Capacity: 1892M
 Pre-touch: Disabled
 Parallel Workers: 6
 Concurrent Workers: 2
 Concurrent Refinement Workers: 6
 Periodic GC: Disabled

Heap:
 garbage-first heap   total 122880K, used 15360K [0x0000000089c00000, 0x0000000100000000)
  region size 1024K, 17 young (17408K), 0 survivors (0K)
 Metaspace       used 5128K, committed 5248K, reserved 1114112K
  class space    used 595K, committed 640K, reserved 1048576K

Heap Regions: E=young(eden), S=young(survivor), O=old, HS=humongous(starts), HC=humongous(continues), CS=collection set, F=free, OA=open archive, CA=closed archive, TAMS=top-at-mark-start (previous, next)
|   0|0x0000000089c00000, 0x0000000089c00000, 0x0000000089d00000|  0%| F|  |TAMS 0x0000000089c00000, 0x0000000089c00000| Untracked 
|   1|0x0000000089d00000, 0x0000000089d00000, 0x0000000089e00000|  0%| F|  |TAMS 0x0000000089d00000, 0x0000000089d00000| Untracked 
|   2|0x0000000089e00000, 0x0000000089e00000, 0x0000000089f00000|  0%| F|  |TAMS 0x0000000089e00000, 0x0000000089e00000| Untracked 
|   3|0x0000000089f00000, 0x0000000089f00000, 0x000000008a000000|  0%| F|  |TAMS 0x0000000089f00000, 0x0000000089f00000| Untracked 
|   4|0x000000008a000000, 0x000000008a000000, 0x000000008a100000|  0%| F|  |TAMS 0x000000008a000000, 0x000000008a000000| Untracked 
|   5|0x000000008a100000, 0x000000008a100000, 0x000000008a200000|  0%| F|  |TAMS 0x000000008a100000, 0x000000008a100000| Untracked 
|   6|0x000000008a200000, 0x000000008a200000, 0x000000008a300000|  0%| F|  |TAMS 0x000000008a200000, 0x000000008a200000| Untracked 
|   7|0x000000008a300000, 0x000000008a300000, 0x000000008a400000|  0%| F|  |TAMS 0x000000008a300000, 0x000000008a300000| Untracked 
|   8|0x000000008a400000, 0x000000008a400000, 0x000000008a500000|  0%| F|  |TAMS 0x000000008a400000, 0x000000008a400000| Untracked 
|   9|0x000000008a500000, 0x000000008a500000, 0x000000008a600000|  0%| F|  |TAMS 0x000000008a500000, 0x000000008a500000| Untracked 
|  10|0x000000008a600000, 0x000000008a600000, 0x000000008a700000|  0%| F|  |TAMS 0x000000008a600000, 0x000000008a600000| Untracked 
|  11|0x000000008a700000, 0x000000008a700000, 0x000000008a800000|  0%| F|  |TAMS 0x000000008a700000, 0x000000008a700000| Untracked 
|  12|0x000000008a800000, 0x000000008a800000, 0x000000008a900000|  0%| F|  |TAMS 0x000000008a800000, 0x000000008a800000| Untracked 
|  13|0x000000008a900000, 0x000000008a900000, 0x000000008aa00000|  0%| F|  |TAMS 0x000000008a900000, 0x000000008a900000| Untracked 
|  14|0x000000008aa00000, 0x000000008aa00000, 0x000000008ab00000|  0%| F|  |TAMS 0x000000008aa00000, 0x000000008aa00000| Untracked 
|  15|0x000000008ab00000, 0x000000008ab00000, 0x000000008ac00000|  0%| F|  |TAMS 0x000000008ab00000, 0x000000008ab00000| Untracked 
|  16|0x000000008ac00000, 0x000000008ac00000, 0x000000008ad00000|  0%| F|  |TAMS 0x000000008ac00000, 0x000000008ac00000| Untracked 
|  17|0x000000008ad00000, 0x000000008ad00000, 0x000000008ae00000|  0%| F|  |TAMS 0x000000008ad00000, 0x000000008ad00000| Untracked 
|  18|0x000000008ae00000, 0x000000008ae00000, 0x000000008af00000|  0%| F|  |TAMS 0x000000008ae00000, 0x000000008ae00000| Untracked 
|  19|0x000000008af00000, 0x000000008af00000, 0x000000008b000000|  0%| F|  |TAMS 0x000000008af00000, 0x000000008af00000| Untracked 
|  20|0x000000008b000000, 0x000000008b000000, 0x000000008b100000|  0%| F|  |TAMS 0x000000008b000000, 0x000000008b000000| Untracked 
|  21|0x000000008b100000, 0x000000008b100000, 0x000000008b200000|  0%| F|  |TAMS 0x000000008b100000, 0x000000008b100000| Untracked 
|  22|0x000000008b200000, 0x000000008b200000, 0x000000008b300000|  0%| F|  |TAMS 0x000000008b200000, 0x000000008b200000| Untracked 
|  23|0x000000008b300000, 0x000000008b300000, 0x000000008b400000|  0%| F|  |TAMS 0x000000008b300000, 0x000000008b300000| Untracked 
|  24|0x000000008b400000, 0x000000008b400000, 0x000000008b500000|  0%| F|  |TAMS 0x000000008b400000, 0x000000008b400000| Untracked 
|  25|0x000000008b500000, 0x000000008b500000, 0x000000008b600000|  0%| F|  |TAMS 0x000000008b500000, 0x000000008b500000| Untracked 
|  26|0x000000008b600000, 0x000000008b600000, 0x000000008b700000|  0%| F|  |TAMS 0x000000008b600000, 0x000000008b600000| Untracked 
|  27|0x000000008b700000, 0x000000008b700000, 0x000000008b800000|  0%| F|  |TAMS 0x000000008b700000, 0x000000008b700000| Untracked 
|  28|0x000000008b800000, 0x000000008b800000, 0x000000008b900000|  0%| F|  |TAMS 0x000000008b800000, 0x000000008b800000| Untracked 
|  29|0x000000008b900000, 0x000000008b900000, 0x000000008ba00000|  0%| F|  |TAMS 0x000000008b900000, 0x000000008b900000| Untracked 
|  30|0x000000008ba00000, 0x000000008ba00000, 0x000000008bb00000|  0%| F|  |TAMS 0x000000008ba00000, 0x000000008ba00000| Untracked 
|  31|0x000000008bb00000, 0x000000008bb00000, 0x000000008bc00000|  0%| F|  |TAMS 0x000000008bb00000, 0x000000008bb00000| Untracked 
|  32|0x000000008bc00000, 0x000000008bc00000, 0x000000008bd00000|  0%| F|  |TAMS 0x000000008bc00000, 0x000000008bc00000| Untracked 
|  33|0x000000008bd00000, 0x000000008bd00000, 0x000000008be00000|  0%| F|  |TAMS 0x000000008bd00000, 0x000000008bd00000| Untracked 
|  34|0x000000008be00000, 0x000000008be00000, 0x000000008bf00000|  0%| F|  |TAMS 0x000000008be00000, 0x000000008be00000| Untracked 
|  35|0x000000008bf00000, 0x000000008bf00000, 0x000000008c000000|  0%| F|  |TAMS 0x000000008bf00000, 0x000000008bf00000| Untracked 
|  36|0x000000008c000000, 0x000000008c000000, 0x000000008c100000|  0%| F|  |TAMS 0x000000008c000000, 0x000000008c000000| Untracked 
|  37|0x000000008c100000, 0x000000008c100000, 0x000000008c200000|  0%| F|  |TAMS 0x000000008c100000, 0x000000008c100000| Untracked 
|  38|0x000000008c200000, 0x000000008c200000, 0x000000008c300000|  0%| F|  |TAMS 0x000000008c200000, 0x000000008c200000| Untracked 
|  39|0x000000008c300000, 0x000000008c300000, 0x000000008c400000|  0%| F|  |TAMS 0x000000008c300000, 0x000000008c300000| Untracked 
|  40|0x000000008c400000, 0x000000008c400000, 0x000000008c500000|  0%| F|  |TAMS 0x000000008c400000, 0x000000008c400000| Untracked 
|  41|0x000000008c500000, 0x000000008c500000, 0x000000008c600000|  0%| F|  |TAMS 0x000000008c500000, 0x000000008c500000| Untracked 
|  42|0x000000008c600000, 0x000000008c600000, 0x000000008c700000|  0%| F|  |TAMS 0x000000008c600000, 0x000000008c600000| Untracked 
|  43|0x000000008c700000, 0x000000008c700000, 0x000000008c800000|  0%| F|  |TAMS 0x000000008c700000, 0x000000008c700000| Untracked 
|  44|0x000000008c800000, 0x000000008c800000, 0x000000008c900000|  0%| F|  |TAMS 0x000000008c800000, 0x000000008c800000| Untracked 
|  45|0x000000008c900000, 0x000000008c900000, 0x000000008ca00000|  0%| F|  |TAMS 0x000000008c900000, 0x000000008c900000| Untracked 
|  46|0x000000008ca00000, 0x000000008ca00000, 0x000000008cb00000|  0%| F|  |TAMS 0x000000008ca00000, 0x000000008ca00000| Untracked 
|  47|0x000000008cb00000, 0x000000008cb00000, 0x000000008cc00000|  0%| F|  |TAMS 0x000000008cb00000, 0x000000008cb00000| Untracked 
|  48|0x000000008cc00000, 0x000000008cc00000, 0x000000008cd00000|  0%| F|  |TAMS 0x000000008cc00000, 0x000000008cc00000| Untracked 
|  49|0x000000008cd00000, 0x000000008cd00000, 0x000000008ce00000|  0%| F|  |TAMS 0x000000008cd00000, 0x000000008cd00000| Untracked 
|  50|0x000000008ce00000, 0x000000008ce00000, 0x000000008cf00000|  0%| F|  |TAMS 0x000000008ce00000, 0x000000008ce00000| Untracked 
|  51|0x000000008cf00000, 0x000000008cf00000, 0x000000008d000000|  0%| F|  |TAMS 0x000000008cf00000, 0x000000008cf00000| Untracked 
|  52|0x000000008d000000, 0x000000008d000000, 0x000000008d100000|  0%| F|  |TAMS 0x000000008d000000, 0x000000008d000000| Untracked 
|  53|0x000000008d100000, 0x000000008d100000, 0x000000008d200000|  0%| F|  |TAMS 0x000000008d100000, 0x000000008d100000| Untracked 
|  54|0x000000008d200000, 0x000000008d200000, 0x000000008d300000|  0%| F|  |TAMS 0x000000008d200000, 0x000000008d200000| Untracked 
|  55|0x000000008d300000, 0x000000008d300000, 0x000000008d400000|  0%| F|  |TAMS 0x000000008d300000, 0x000000008d300000| Untracked 
|  56|0x000000008d400000, 0x000000008d400000, 0x000000008d500000|  0%| F|  |TAMS 0x000000008d400000, 0x000000008d400000| Untracked 
|  57|0x000000008d500000, 0x000000008d500000, 0x000000008d600000|  0%| F|  |TAMS 0x000000008d500000, 0x000000008d500000| Untracked 
|  58|0x000000008d600000, 0x000000008d600000, 0x000000008d700000|  0%| F|  |TAMS 0x000000008d600000, 0x000000008d600000| Untracked 
|  59|0x000000008d700000, 0x000000008d700000, 0x000000008d800000|  0%| F|  |TAMS 0x000000008d700000, 0x000000008d700000| Untracked 
|  60|0x000000008d800000, 0x000000008d800000, 0x000000008d900000|  0%| F|  |TAMS 0x000000008d800000, 0x000000008d800000| Untracked 
|  61|0x000000008d900000, 0x000000008d900000, 0x000000008da00000|  0%| F|  |TAMS 0x000000008d900000, 0x000000008d900000| Untracked 
|  62|0x000000008da00000, 0x000000008da00000, 0x000000008db00000|  0%| F|  |TAMS 0x000000008da00000, 0x000000008da00000| Untracked 
|  63|0x000000008db00000, 0x000000008db00000, 0x000000008dc00000|  0%| F|  |TAMS 0x000000008db00000, 0x000000008db00000| Untracked 
|  64|0x000000008dc00000, 0x000000008dc00000, 0x000000008dd00000|  0%| F|  |TAMS 0x000000008dc00000, 0x000000008dc00000| Untracked 
|  65|0x000000008dd00000, 0x000000008dd00000, 0x000000008de00000|  0%| F|  |TAMS 0x000000008dd00000, 0x000000008dd00000| Untracked 
|  66|0x000000008de00000, 0x000000008de00000, 0x000000008df00000|  0%| F|  |TAMS 0x000000008de00000, 0x000000008de00000| Untracked 
|  67|0x000000008df00000, 0x000000008df00000, 0x000000008e000000|  0%| F|  |TAMS 0x000000008df00000, 0x000000008df00000| Untracked 
|  68|0x000000008e000000, 0x000000008e000000, 0x000000008e100000|  0%| F|  |TAMS 0x000000008e000000, 0x000000008e000000| Untracked 
|  69|0x000000008e100000, 0x000000008e100000, 0x000000008e200000|  0%| F|  |TAMS 0x000000008e100000, 0x000000008e100000| Untracked 
|  70|0x000000008e200000, 0x000000008e200000, 0x000000008e300000|  0%| F|  |TAMS 0x000000008e200000, 0x000000008e200000| Untracked 
|  71|0x000000008e300000, 0x000000008e300000, 0x000000008e400000|  0%| F|  |TAMS 0x000000008e300000, 0x000000008e300000| Untracked 
|  72|0x000000008e400000, 0x000000008e400000, 0x000000008e500000|  0%| F|  |TAMS 0x000000008e400000, 0x000000008e400000| Untracked 
|  73|0x000000008e500000, 0x000000008e500000, 0x000000008e600000|  0%| F|  |TAMS 0x000000008e500000, 0x000000008e500000| Untracked 
|  74|0x000000008e600000, 0x000000008e600000, 0x000000008e700000|  0%| F|  |TAMS 0x000000008e600000, 0x000000008e600000| Untracked 
|  75|0x000000008e700000, 0x000000008e700000, 0x000000008e800000|  0%| F|  |TAMS 0x000000008e700000, 0x000000008e700000| Untracked 
|  76|0x000000008e800000, 0x000000008e800000, 0x000000008e900000|  0%| F|  |TAMS 0x000000008e800000, 0x000000008e800000| Untracked 
|  77|0x000000008e900000, 0x000000008e900000, 0x000000008ea00000|  0%| F|  |TAMS 0x000000008e900000, 0x000000008e900000| Untracked 
|  78|0x000000008ea00000, 0x000000008ea00000, 0x000000008eb00000|  0%| F|  |TAMS 0x000000008ea00000, 0x000000008ea00000| Untracked 
|  79|0x000000008eb00000, 0x000000008eb00000, 0x000000008ec00000|  0%| F|  |TAMS 0x000000008eb00000, 0x000000008eb00000| Untracked 
|  80|0x000000008ec00000, 0x000000008ec00000, 0x000000008ed00000|  0%| F|  |TAMS 0x000000008ec00000, 0x000000008ec00000| Untracked 
|  81|0x000000008ed00000, 0x000000008ed00000, 0x000000008ee00000|  0%| F|  |TAMS 0x000000008ed00000, 0x000000008ed00000| Untracked 
|  82|0x000000008ee00000, 0x000000008ee00000, 0x000000008ef00000|  0%| F|  |TAMS 0x000000008ee00000, 0x000000008ee00000| Untracked 
|  83|0x000000008ef00000, 0x000000008ef00000, 0x000000008f000000|  0%| F|  |TAMS 0x000000008ef00000, 0x000000008ef00000| Untracked 
|  84|0x000000008f000000, 0x000000008f000000, 0x000000008f100000|  0%| F|  |TAMS 0x000000008f000000, 0x000000008f000000| Untracked 
|  85|0x000000008f100000, 0x000000008f100000, 0x000000008f200000|  0%| F|  |TAMS 0x000000008f100000, 0x000000008f100000| Untracked 
|  86|0x000000008f200000, 0x000000008f200000, 0x000000008f300000|  0%| F|  |TAMS 0x000000008f200000, 0x000000008f200000| Untracked 
|  87|0x000000008f300000, 0x000000008f300000, 0x000000008f400000|  0%| F|  |TAMS 0x000000008f300000, 0x000000008f300000| Untracked 
|  88|0x000000008f400000, 0x000000008f400000, 0x000000008f500000|  0%| F|  |TAMS 0x000000008f400000, 0x000000008f400000| Untracked 
|  89|0x000000008f500000, 0x000000008f500000, 0x000000008f600000|  0%| F|  |TAMS 0x000000008f500000, 0x000000008f500000| Untracked 
|  90|0x000000008f600000, 0x000000008f600000, 0x000000008f700000|  0%| F|  |TAMS 0x000000008f600000, 0x000000008f600000| Untracked 
|  91|0x000000008f700000, 0x000000008f700000, 0x000000008f800000|  0%| F|  |TAMS 0x000000008f700000, 0x000000008f700000| Untracked 
|  92|0x000000008f800000, 0x000000008f800000, 0x000000008f900000|  0%| F|  |TAMS 0x000000008f800000, 0x000000008f800000| Untracked 
|  93|0x000000008f900000, 0x000000008f900000, 0x000000008fa00000|  0%| F|  |TAMS 0x000000008f900000, 0x000000008f900000| Untracked 
|  94|0x000000008fa00000, 0x000000008fa00000, 0x000000008fb00000|  0%| F|  |TAMS 0x000000008fa00000, 0x000000008fa00000| Untracked 
|  95|0x000000008fb00000, 0x000000008fb00000, 0x000000008fc00000|  0%| F|  |TAMS 0x000000008fb00000, 0x000000008fb00000| Untracked 
|  96|0x000000008fc00000, 0x000000008fc00000, 0x000000008fd00000|  0%| F|  |TAMS 0x000000008fc00000, 0x000000008fc00000| Untracked 
|  97|0x000000008fd00000, 0x000000008fd00000, 0x000000008fe00000|  0%| F|  |TAMS 0x000000008fd00000, 0x000000008fd00000| Untracked 
|  98|0x000000008fe00000, 0x000000008fe00000, 0x000000008ff00000|  0%| F|  |TAMS 0x000000008fe00000, 0x000000008fe00000| Untracked 
|  99|0x000000008ff00000, 0x000000008ff00000, 0x0000000090000000|  0%| F|  |TAMS 0x000000008ff00000, 0x000000008ff00000| Untracked 
| 100|0x0000000090000000, 0x0000000090000000, 0x0000000090100000|  0%| F|  |TAMS 0x0000000090000000, 0x0000000090000000| Untracked 
| 101|0x0000000090100000, 0x0000000090100000, 0x0000000090200000|  0%| F|  |TAMS 0x0000000090100000, 0x0000000090100000| Untracked 
| 102|0x0000000090200000, 0x0000000090200000, 0x0000000090300000|  0%| F|  |TAMS 0x0000000090200000, 0x0000000090200000| Untracked 
| 103|0x0000000090300000, 0x000000009036c8c0, 0x0000000090400000| 42%| E|  |TAMS 0x0000000090300000, 0x0000000090300000| Complete 
| 104|0x0000000090400000, 0x0000000090500000, 0x0000000090500000|100%| E|CS|TAMS 0x0000000090400000, 0x0000000090400000| Complete 
| 105|0x0000000090500000, 0x0000000090600000, 0x0000000090600000|100%| E|CS|TAMS 0x0000000090500000, 0x0000000090500000| Complete 
| 106|0x0000000090600000, 0x0000000090700000, 0x0000000090700000|100%| E|CS|TAMS 0x0000000090600000, 0x0000000090600000| Complete 
| 107|0x0000000090700000, 0x0000000090800000, 0x0000000090800000|100%| E|CS|TAMS 0x0000000090700000, 0x0000000090700000| Complete 
| 108|0x0000000090800000, 0x0000000090900000, 0x0000000090900000|100%| E|CS|TAMS 0x0000000090800000, 0x0000000090800000| Complete 
| 109|0x0000000090900000, 0x0000000090a00000, 0x0000000090a00000|100%| E|CS|TAMS 0x0000000090900000, 0x0000000090900000| Complete 
| 110|0x0000000090a00000, 0x0000000090b00000, 0x0000000090b00000|100%| E|CS|TAMS 0x0000000090a00000, 0x0000000090a00000| Complete 
| 111|0x0000000090b00000, 0x0000000090c00000, 0x0000000090c00000|100%| E|CS|TAMS 0x0000000090b00000, 0x0000000090b00000| Complete 
| 112|0x0000000090c00000, 0x0000000090d00000, 0x0000000090d00000|100%| E|CS|TAMS 0x0000000090c00000, 0x0000000090c00000| Complete 
| 113|0x0000000090d00000, 0x0000000090e00000, 0x0000000090e00000|100%| E|CS|TAMS 0x0000000090d00000, 0x0000000090d00000| Complete 
| 114|0x0000000090e00000, 0x0000000090f00000, 0x0000000090f00000|100%| E|CS|TAMS 0x0000000090e00000, 0x0000000090e00000| Complete 
| 115|0x0000000090f00000, 0x0000000091000000, 0x0000000091000000|100%| E|CS|TAMS 0x0000000090f00000, 0x0000000090f00000| Complete 
| 116|0x0000000091000000, 0x0000000091100000, 0x0000000091100000|100%| E|CS|TAMS 0x0000000091000000, 0x0000000091000000| Complete 
| 117|0x0000000091100000, 0x0000000091200000, 0x0000000091200000|100%| E|CS|TAMS 0x0000000091100000, 0x0000000091100000| Complete 
| 118|0x0000000091200000, 0x0000000091300000, 0x0000000091300000|100%| E|  |TAMS 0x0000000091200000, 0x0000000091200000| Complete 
| 119|0x0000000091300000, 0x0000000091400000, 0x0000000091400000|100%| E|CS|TAMS 0x0000000091300000, 0x0000000091300000| Complete 

Card table byte_map: [0x000002a0cca90000,0x000002a0cce50000] _byte_map_base: 0x000002a0cc642000

Marking Bits (Prev, Next): (CMBitMap*) 0x000002a0b5aea360, (CMBitMap*) 0x000002a0b5aea3a0
 Prev Bits: [0x000002a0cd210000, 0x000002a0cefa0000)
 Next Bits: [0x000002a0cefa0000, 0x000002a0d0d30000)

Polling page: 0x000002a0b3a60000

Metaspace:

Usage:
  Non-class:      4.43 MB used.
      Class:    595.21 KB used.
       Both:      5.01 MB used.

Virtual space:
  Non-class space:       64.00 MB reserved,       4.50 MB (  7%) committed,  1 nodes.
      Class space:        1.00 GB reserved,     640.00 KB ( <1%) committed,  1 nodes.
             Both:        1.06 GB reserved,       5.12 MB ( <1%) committed. 

Chunk freelists:
   Non-Class:  9.80 MB
       Class:  15.38 MB
        Both:  25.17 MB

MaxMetaspaceSize: unlimited
CompressedClassSpaceSize: 1.00 GB
Initial GC threshold: 21.00 MB
Current GC threshold: 21.00 MB
CDS: on
MetaspaceReclaimPolicy: balanced
 - commit_granule_bytes: 65536.
 - commit_granule_words: 8192.
 - virtual_space_node_default_size: 8388608.
 - enlarge_chunks_in_place: 1.
 - new_chunks_are_fully_committed: 0.
 - uncommit_free_chunks: 1.
 - use_allocation_guard: 0.
 - handle_deallocations: 1.


Internal statistics:

num_allocs_failed_limit: 0.
num_arena_births: 70.
num_arena_deaths: 0.
num_vsnodes_births: 2.
num_vsnodes_deaths: 0.
num_space_committed: 82.
num_space_uncommitted: 0.
num_chunks_returned_to_freelist: 0.
num_chunks_taken_from_freelist: 205.
num_chunk_merges: 0.
num_chunk_splits: 121.
num_chunks_enlarged: 93.
num_inconsistent_stats: 0.

CodeHeap 'non-profiled nmethods': size=120000Kb used=316Kb max_used=316Kb free=119683Kb
 bounds [0x000002a0c5090000, 0x000002a0c5300000, 0x000002a0cc5c0000]
CodeHeap 'profiled nmethods': size=120000Kb used=1728Kb max_used=1728Kb free=118271Kb
 bounds [0x000002a0bd5c0000, 0x000002a0bd830000, 0x000002a0c4af0000]
CodeHeap 'non-nmethods': size=5760Kb used=1136Kb max_used=1155Kb free=4623Kb
 bounds [0x000002a0c4af0000, 0x000002a0c4d60000, 0x000002a0c5090000]
 total_blobs=1347 nmethods=924 adapters=336
 compilation: enabled
              stopped_count=0, restarted_count=0
 full_count=0

Compilation events (20 events):
Event: 1.872 Thread 0x000002a0d352b270 nmethod 914 0x000002a0c50de310 code [0x000002a0c50de4a0, 0x000002a0c50de578]
Event: 1.872 Thread 0x000002a0d352b270  915       3       java.util.jar.JarFile::getManifest (5 bytes)
Event: 1.872 Thread 0x000002a0d352b270 nmethod 915 0x000002a0bd76c110 code [0x000002a0bd76c2a0, 0x000002a0bd76c3e8]
Event: 1.872 Thread 0x000002a0d352b270  916       3       jdk.internal.loader.URLClassPath$JarLoader$2::getBytes (48 bytes)
Event: 1.872 Thread 0x000002a0d352b270 nmethod 916 0x000002a0bd76c490 code [0x000002a0bd76c680, 0x000002a0bd76cda8]
Event: 1.872 Thread 0x000002a0d352b270  917       3       jdk.internal.loader.URLClassPath$JarLoader$2::getContentLength (9 bytes)
Event: 1.872 Thread 0x000002a0d352b270 nmethod 917 0x000002a0bd76d010 code [0x000002a0bd76d1a0, 0x000002a0bd76d358]
Event: 1.873 Thread 0x000002a0d352b270  918       3       java.lang.invoke.DirectMethodHandle::allocateInstance (16 bytes)
Event: 1.873 Thread 0x000002a0d352b270 nmethod 918 0x000002a0bd76d410 code [0x000002a0bd76d5c0, 0x000002a0bd76d7e8]
Event: 1.873 Thread 0x000002a0d352b270  920       3       java.lang.invoke.DirectMethodHandle::constructorMethod (10 bytes)
Event: 1.873 Thread 0x000002a0d352b270 nmethod 920 0x000002a0bd76d910 code [0x000002a0bd76daa0, 0x000002a0bd76dc98]
Event: 1.874 Thread 0x000002a0d352b270  921       3       java.util.RegularEnumSet::add (9 bytes)
Event: 1.874 Thread 0x000002a0d352b270 nmethod 921 0x000002a0bd76dd90 code [0x000002a0bd76df40, 0x000002a0bd76e188]
Event: 1.874 Thread 0x000002a0d352b270  922       3       java.util.RegularEnumSet::add (40 bytes)
Event: 1.874 Thread 0x000002a0d352b270 nmethod 922 0x000002a0bd76e290 code [0x000002a0bd76e440, 0x000002a0bd76e628]
Event: 1.874 Thread 0x000002a0d352b270  923       3       java.util.EnumSet::typeCheck (59 bytes)
Event: 1.874 Thread 0x000002a0d35268a0 nmethod 913 0x000002a0c50dea90 code [0x000002a0c50dec20, 0x000002a0c50deef8]
Event: 1.875 Thread 0x000002a0d352b270 nmethod 923 0x000002a0bd76e710 code [0x000002a0bd76e9c0, 0x000002a0bd76f4b8]
Event: 1.875 Thread 0x000002a0d352b270  924  s!   3       java.util.jar.JarFile::ensureInitialization (74 bytes)
Event: 1.875 Thread 0x000002a0d352b270 nmethod 924 0x000002a0bd76f890 code [0x000002a0bd76faa0, 0x000002a0bd7700d8]

GC Heap History (0 events):
No events

Dll operation events (6 events):
Event: 0.009 Loaded shared library C:\Users\HP\AppData\Roaming\Code\User\globalStorage\pleiades.java-extension-pack-jdk\java\17\bin\java.dll
Event: 0.064 Loaded shared library C:\Users\HP\AppData\Roaming\Code\User\globalStorage\pleiades.java-extension-pack-jdk\java\17\bin\jsvml.dll
Event: 0.376 Loaded shared library C:\Users\HP\AppData\Roaming\Code\User\globalStorage\pleiades.java-extension-pack-jdk\java\17\bin\net.dll
Event: 0.382 Loaded shared library C:\Users\HP\AppData\Roaming\Code\User\globalStorage\pleiades.java-extension-pack-jdk\java\17\bin\nio.dll
Event: 0.393 Loaded shared library C:\Users\HP\AppData\Roaming\Code\User\globalStorage\pleiades.java-extension-pack-jdk\java\17\bin\zip.dll
Event: 0.793 Loaded shared library C:\Users\HP\AppData\Roaming\Code\User\globalStorage\pleiades.java-extension-pack-jdk\java\17\bin\jimage.dll

Deoptimization events (20 events):
Event: 0.912 Thread 0x000002a0b5a8b400 Uncommon trap: trap_request=0xffffff45 fr.pc=0x000002a0c50aa62c relative=0x000000000000028c
Event: 0.912 Thread 0x000002a0b5a8b400 Uncommon trap: reason=unstable_if action=reinterpret pc=0x000002a0c50aa62c method=java.lang.String.startsWith(Ljava/lang/String;I)Z @ 14 c2
Event: 0.912 Thread 0x000002a0b5a8b400 DEOPT PACKING pc=0x000002a0c50aa62c sp=0x000000ba42ffbf30
Event: 0.912 Thread 0x000002a0b5a8b400 DEOPT UNPACKING pc=0x000002a0c4b469a3 sp=0x000000ba42ffbe90 mode 2
Event: 0.915 Thread 0x000002a0b5a8b400 DEOPT PACKING pc=0x000002a0bd5f7565 sp=0x000000ba42ffc9b0
Event: 0.915 Thread 0x000002a0b5a8b400 DEOPT UNPACKING pc=0x000002a0c4b47143 sp=0x000000ba42ffbe00 mode 0
Event: 0.917 Thread 0x000002a0b5a8b400 Uncommon trap: trap_request=0xffffff45 fr.pc=0x000002a0c50ac4fc relative=0x000000000000025c
Event: 0.917 Thread 0x000002a0b5a8b400 Uncommon trap: reason=unstable_if action=reinterpret pc=0x000002a0c50ac4fc method=java.io.BufferedReader.read()I @ 19 c2
Event: 0.917 Thread 0x000002a0b5a8b400 DEOPT PACKING pc=0x000002a0c50ac4fc sp=0x000000ba42ffc9b0
Event: 0.917 Thread 0x000002a0b5a8b400 DEOPT UNPACKING pc=0x000002a0c4b469a3 sp=0x000000ba42ffc8f0 mode 2
Event: 0.932 Thread 0x000002a0b5a8b400 Uncommon trap: trap_request=0xffffff6e fr.pc=0x000002a0c50ad514 relative=0x00000000000003f4
Event: 0.932 Thread 0x000002a0b5a8b400 Uncommon trap: reason=loop_limit_check action=maybe_recompile pc=0x000002a0c50ad514 method=java.lang.StringLatin1.indexOf([BI[BII)I @ 37 c2
Event: 0.932 Thread 0x000002a0b5a8b400 DEOPT PACKING pc=0x000002a0c50ad514 sp=0x000000ba42ffdb50
Event: 0.932 Thread 0x000002a0b5a8b400 DEOPT UNPACKING pc=0x000002a0c4b469a3 sp=0x000000ba42ffdab0 mode 2
Event: 1.062 Thread 0x000002a0b5a8b400 DEOPT PACKING pc=0x000002a0bd5ec6a4 sp=0x000000ba42ffdc60
Event: 1.062 Thread 0x000002a0b5a8b400 DEOPT UNPACKING pc=0x000002a0c4b47143 sp=0x000000ba42ffd120 mode 0
Event: 1.226 Thread 0x000002a0b5a8b400 DEOPT PACKING pc=0x000002a0bd5f13be sp=0x000000ba42ffdd50
Event: 1.226 Thread 0x000002a0b5a8b400 DEOPT UNPACKING pc=0x000002a0c4b47143 sp=0x000000ba42ffd1c8 mode 0
Event: 1.757 Thread 0x000002a0b5a8b400 DEOPT PACKING pc=0x000002a0bd615738 sp=0x000000ba42ffcb30
Event: 1.757 Thread 0x000002a0b5a8b400 DEOPT UNPACKING pc=0x000002a0c4b47143 sp=0x000000ba42ffc048 mode 0

Classes loaded (20 events):
Event: 1.849 Loading class java/time/format/DateTimeParseException
Event: 1.850 Loading class java/time/DateTimeException
Event: 1.850 Loading class java/time/DateTimeException done
Event: 1.850 Loading class java/time/format/DateTimeParseException done
Event: 1.852 Loading class java/time/OffsetTime
Event: 1.854 Loading class java/time/OffsetTime done
Event: 1.857 Loading class java/time/Year
Event: 1.859 Loading class java/time/Year done
Event: 1.860 Loading class java/time/Month
Event: 1.860 Loading class java/time/Month done
Event: 1.861 Loading class java/time/YearMonth
Event: 1.862 Loading class java/time/YearMonth done
Event: 1.863 Loading class java/time/MonthDay
Event: 1.864 Loading class java/time/MonthDay done
Event: 1.870 Loading class sun/reflect/generics/tree/CharSignature
Event: 1.870 Loading class sun/reflect/generics/tree/CharSignature done
Event: 1.870 Loading class sun/reflect/generics/tree/ArrayTypeSignature
Event: 1.870 Loading class sun/reflect/generics/tree/ArrayTypeSignature done
Event: 1.872 Loading class java/net/UnknownHostException
Event: 1.873 Loading class java/net/UnknownHostException done

Classes unloaded (0 events):
No events

Classes redefined (0 events):
No events

Internal exceptions (15 events):
Event: 0.915 Thread 0x000002a0b5a8b400 Exception <a 'java/lang/ClassNotFoundException'{0x0000000090ed50a0}: javax/smartcardio/CardPermission> (0x0000000090ed50a0) 
thrown [s\src\hotspot\share\classfile\systemDictionary.cpp, line 256]
Event: 0.922 Thread 0x000002a0b5a8b400 Exception <a 'java/io/FileNotFoundException'{0x0000000090ee38b8}> (0x0000000090ee38b8) 
thrown [s\src\hotspot\share\prims\jni.cpp, line 516]
Event: 1.080 Thread 0x000002a0b5a8b400 Exception <a 'java/lang/NoSuchMethodError'{0x0000000090b0c508}: 'void java.lang.invoke.DirectMethodHandle$Holder.invokeStatic(java.lang.Object, java.lang.Object, java.lang.Object, java.lang.Object)'> (0x0000000090b0c508) 
thrown [s\src\hotspot\share\interpreter\linkResolver.cpp, line 759]
Event: 1.169 Thread 0x000002a0b5a8b400 Exception <a 'java/lang/NoSuchMethodError'{0x0000000090a287b0}: 'int java.lang.invoke.DirectMethodHandle$Holder.invokeStaticInit(java.lang.Object, java.lang.Object)'> (0x0000000090a287b0) 
thrown [s\src\hotspot\share\interpreter\linkResolver.cpp, line 759]
Event: 1.480 Thread 0x000002a0b5a8b400 Exception <a 'java/lang/NoSuchMethodError'{0x000000009081b460}: 'java.lang.Object java.lang.invoke.DirectMethodHandle$Holder.invokeInterface(java.lang.Object, java.lang.Object)'> (0x000000009081b460) 
thrown [s\src\hotspot\share\interpreter\linkResolver.cpp, line 759]
Event: 1.493 Thread 0x000002a0b5a8b400 Exception <a 'java/lang/NoSuchMethodError'{0x000000009084b790}: 'void java.lang.invoke.DirectMethodHandle$Holder.invokeStatic(java.lang.Object, java.lang.Object, java.lang.Object)'> (0x000000009084b790) 
thrown [s\src\hotspot\share\interpreter\linkResolver.cpp, line 759]
Event: 1.497 Thread 0x000002a0b5a8b400 Exception <a 'java/lang/NoSuchMethodError'{0x0000000090860df8}: 'java.lang.Object java.lang.invoke.DirectMethodHandle$Holder.invokeSpecialIFC(java.lang.Object, java.lang.Object, java.lang.Object, java.lang.Object)'> (0x0000000090860df8) 
thrown [s\src\hotspot\share\interpreter\linkResolver.cpp, line 759]
Event: 1.506 Thread 0x000002a0b5a8b400 Exception <a 'java/lang/NoSuchMethodError'{0x000000009087da20}: 'java.lang.Object java.lang.invoke.DirectMethodHandle$Holder.invokeInterface(java.lang.Object, java.lang.Object, java.lang.Object)'> (0x000000009087da20) 
thrown [s\src\hotspot\share\interpreter\linkResolver.cpp, line 759]
Event: 1.548 Thread 0x000002a0b5a8b400 Exception <a 'java/lang/NoSuchMethodError'{0x00000000907408f0}: 'int java.lang.invoke.DirectMethodHandle$Holder.invokeStaticInit(java.lang.Object, java.lang.Object, java.lang.Object)'> (0x00000000907408f0) 
thrown [s\src\hotspot\share\interpreter\linkResolver.cpp, line 759]
Event: 1.557 Thread 0x000002a0b5a8b400 Exception <a 'java/lang/NoSuchMethodError'{0x00000000907691f0}: 'java.lang.Object java.lang.invoke.DirectMethodHandle$Holder.invokeVirtual(java.lang.Object, java.lang.Object, java.lang.Object)'> (0x00000000907691f0) 
thrown [s\src\hotspot\share\interpreter\linkResolver.cpp, line 759]
Event: 1.564 Thread 0x000002a0b5a8b400 Exception <a 'java/lang/NoSuchMethodError'{0x000000009079a1e0}: 'java.lang.Object java.lang.invoke.DirectMethodHandle$Holder.newInvokeSpecial(java.lang.Object, java.lang.Object, java.lang.Object, java.lang.Object, java.lang.Object)'> (0x000000009079a1e0) 
thrown [s\src\hotspot\share\interpreter\linkResolver.cpp, line 759]
Event: 1.580 Thread 0x000002a0b5a8b400 Exception <a 'java/lang/NoSuchMethodError'{0x00000000907d6728}: 'java.lang.Object java.lang.invoke.DirectMethodHandle$Holder.invokeStaticInit(java.lang.Object, java.lang.Object, java.lang.Object)'> (0x00000000907d6728) 
thrown [s\src\hotspot\share\interpreter\linkResolver.cpp, line 759]
Event: 1.624 Thread 0x000002a0b5a8b400 Exception <a 'java/lang/IncompatibleClassChangeError'{0x0000000090669e40}: Found class java.lang.Object, but interface was expected> (0x0000000090669e40) 
thrown [s\src\hotspot\share\interpreter\linkResolver.cpp, line 826]
Event: 1.685 Thread 0x000002a0b5a8b400 Exception <a 'java/lang/NoSuchMethodError'{0x00000000906d3038}: 'java.lang.Object java.lang.invoke.DirectMethodHandle$Holder.invokeStaticInit(java.lang.Object)'> (0x00000000906d3038) 
thrown [s\src\hotspot\share\interpreter\linkResolver.cpp, line 759]
Event: 1.692 Thread 0x000002a0b5a8b400 Exception <a 'sun/nio/fs/WindowsException'{0x00000000906e7970}> (0x00000000906e7970) 
thrown [s\src\hotspot\share\prims\jni.cpp, line 516]

VM Operations (10 events):
Event: 0.410 Executing VM operation: HandshakeAllThreads
Event: 0.410 Executing VM operation: HandshakeAllThreads done
Event: 0.809 Executing VM operation: HandshakeAllThreads
Event: 0.809 Executing VM operation: HandshakeAllThreads done
Event: 1.034 Executing VM operation: HandshakeAllThreads
Event: 1.035 Executing VM operation: HandshakeAllThreads done
Event: 1.696 Executing VM operation: HandshakeAllThreads
Event: 1.696 Executing VM operation: HandshakeAllThreads done
Event: 1.696 Executing VM operation: Cleanup
Event: 1.696 Executing VM operation: Cleanup done

Events (12 events):
Event: 0.065 Thread 0x000002a0b5a8b400 Thread added: 0x000002a0b5a8b400
Event: 0.072 Thread 0x000002a0d350ac10 Thread added: 0x000002a0d350ac10
Event: 0.073 Thread 0x000002a0d350b7a0 Thread added: 0x000002a0d350b7a0
Event: 0.113 Thread 0x000002a0d3520150 Thread added: 0x000002a0d3520150
Event: 0.113 Thread 0x000002a0d3521a30 Thread added: 0x000002a0d3521a30
Event: 0.113 Thread 0x000002a0d3523310 Thread added: 0x000002a0d3523310
Event: 0.113 Thread 0x000002a0d3525bf0 Thread added: 0x000002a0d3525bf0
Event: 0.113 Thread 0x000002a0d35268a0 Thread added: 0x000002a0d35268a0
Event: 0.114 Thread 0x000002a0d352b270 Thread added: 0x000002a0d352b270
Event: 0.114 Thread 0x000002a0d352fba0 Thread added: 0x000002a0d352fba0
Event: 0.197 Thread 0x000002a0d358c280 Thread added: 0x000002a0d358c280
Event: 0.212 Thread 0x000002a0d36f42e0 Thread added: 0x000002a0d36f42e0


Dynamic libraries:
0x00007ff7f5530000 - 0x00007ff7f553e000 	C:\Users\HP\AppData\Roaming\Code\User\globalStorage\pleiades.java-extension-pack-jdk\java\17\bin\java.exe
0x00007ffeaaef0000 - 0x00007ffeab107000 	C:\WINDOWS\SYSTEM32\ntdll.dll
0x00007ffea9270000 - 0x00007ffea9334000 	C:\WINDOWS\System32\KERNEL32.DLL
0x00007ffea8210000 - 0x00007ffea85bd000 	C:\WINDOWS\System32\KERNELBASE.dll
0x00007ffea88e0000 - 0x00007ffea89f1000 	C:\WINDOWS\System32\ucrtbase.dll
0x00007ffea4060000 - 0x00007ffea407b000 	C:\Users\HP\AppData\Roaming\Code\User\globalStorage\pleiades.java-extension-pack-jdk\java\17\bin\VCRUNTIME140.dll
0x00007ffea4b50000 - 0x00007ffea4b67000 	C:\Users\HP\AppData\Roaming\Code\User\globalStorage\pleiades.java-extension-pack-jdk\java\17\bin\jli.dll
0x00007ffe8b490000 - 0x00007ffe8b723000 	C:\WINDOWS\WinSxS\amd64_microsoft.windows.common-controls_6595b64144ccf1df_6.0.22621.3672_none_2713b9d173822955\COMCTL32.dll
0x00007ffea8d40000 - 0x00007ffea8de7000 	C:\WINDOWS\System32\msvcrt.dll
0x00007ffea9350000 - 0x00007ffea9379000 	C:\WINDOWS\System32\GDI32.dll
0x00007ffea8a00000 - 0x00007ffea8a26000 	C:\WINDOWS\System32\win32u.dll
0x00007ffea9710000 - 0x00007ffea98be000 	C:\WINDOWS\System32\USER32.dll
0x00007ffea8690000 - 0x00007ffea87a9000 	C:\WINDOWS\System32\gdi32full.dll
0x00007ffea85c0000 - 0x00007ffea865a000 	C:\WINDOWS\System32\msvcp_win.dll
0x00007ffea8c20000 - 0x00007ffea8c51000 	C:\WINDOWS\System32\IMM32.DLL
0x00007ffea40b0000 - 0x00007ffea40bc000 	C:\Users\HP\AppData\Roaming\Code\User\globalStorage\pleiades.java-extension-pack-jdk\java\17\bin\vcruntime140_1.dll
0x00007ffe92680000 - 0x00007ffe9270d000 	C:\Users\HP\AppData\Roaming\Code\User\globalStorage\pleiades.java-extension-pack-jdk\java\17\bin\msvcp140.dll
0x00007ffe327e0000 - 0x00007ffe3344a000 	C:\Users\HP\AppData\Roaming\Code\User\globalStorage\pleiades.java-extension-pack-jdk\java\17\bin\server\jvm.dll
0x00007ffeaadf0000 - 0x00007ffeaaea2000 	C:\WINDOWS\System32\ADVAPI32.dll
0x00007ffea8fa0000 - 0x00007ffea9049000 	C:\WINDOWS\System32\sechost.dll
0x00007ffea8660000 - 0x00007ffea8688000 	C:\WINDOWS\System32\bcrypt.dll
0x00007ffea9380000 - 0x00007ffea9494000 	C:\WINDOWS\System32\RPCRT4.dll
0x00007ffea9e60000 - 0x00007ffea9ed1000 	C:\WINDOWS\System32\WS2_32.dll
0x00007ffea7e70000 - 0x00007ffea7ebd000 	C:\WINDOWS\SYSTEM32\POWRPROF.dll
0x00007ffea3620000 - 0x00007ffea3654000 	C:\WINDOWS\SYSTEM32\WINMM.dll
0x00007ffe9ce50000 - 0x00007ffe9ce5a000 	C:\WINDOWS\SYSTEM32\VERSION.dll
0x00007ffea7c70000 - 0x00007ffea7c83000 	C:\WINDOWS\SYSTEM32\UMPDC.dll
0x00007ffea7240000 - 0x00007ffea7258000 	C:\WINDOWS\SYSTEM32\kernel.appcore.dll
0x00007ffea2cd0000 - 0x00007ffea2cda000 	C:\Users\HP\AppData\Roaming\Code\User\globalStorage\pleiades.java-extension-pack-jdk\java\17\bin\jimage.dll
0x00007ffea5a60000 - 0x00007ffea5c92000 	C:\WINDOWS\SYSTEM32\DBGHELP.DLL
0x00007ffea9ad0000 - 0x00007ffea9e5d000 	C:\WINDOWS\System32\combase.dll
0x00007ffea8c60000 - 0x00007ffea8d37000 	C:\WINDOWS\System32\OLEAUT32.dll
0x00007ffe8e2a0000 - 0x00007ffe8e2d2000 	C:\WINDOWS\SYSTEM32\dbgcore.DLL
0x00007ffea8a30000 - 0x00007ffea8aab000 	C:\WINDOWS\System32\bcryptPrimitives.dll
0x00007ffe92650000 - 0x00007ffe92675000 	C:\Users\HP\AppData\Roaming\Code\User\globalStorage\pleiades.java-extension-pack-jdk\java\17\bin\java.dll
0x00007ffe688b0000 - 0x00007ffe68987000 	C:\Users\HP\AppData\Roaming\Code\User\globalStorage\pleiades.java-extension-pack-jdk\java\17\bin\jsvml.dll
0x00007ffea9f90000 - 0x00007ffeaa7f8000 	C:\WINDOWS\System32\SHELL32.dll
0x00007ffea6110000 - 0x00007ffea6a0e000 	C:\WINDOWS\SYSTEM32\windows.storage.dll
0x00007ffea5fd0000 - 0x00007ffea610f000 	C:\WINDOWS\SYSTEM32\wintypes.dll
0x00007ffeaa860000 - 0x00007ffeaa959000 	C:\WINDOWS\System32\SHCORE.dll
0x00007ffea96a0000 - 0x00007ffea96fe000 	C:\WINDOWS\System32\shlwapi.dll
0x00007ffea8140000 - 0x00007ffea8161000 	C:\WINDOWS\SYSTEM32\profapi.dll
0x00007ffe92630000 - 0x00007ffe92649000 	C:\Users\HP\AppData\Roaming\Code\User\globalStorage\pleiades.java-extension-pack-jdk\java\17\bin\net.dll
0x00007ffea44a0000 - 0x00007ffea45d6000 	C:\WINDOWS\SYSTEM32\WINHTTP.dll
0x00007ffea76b0000 - 0x00007ffea7719000 	C:\WINDOWS\system32\mswsock.dll
0x00007ffe92610000 - 0x00007ffe92626000 	C:\Users\HP\AppData\Roaming\Code\User\globalStorage\pleiades.java-extension-pack-jdk\java\17\bin\nio.dll
0x00007ffe925f0000 - 0x00007ffe92608000 	C:\Users\HP\AppData\Roaming\Code\User\globalStorage\pleiades.java-extension-pack-jdk\java\17\bin\zip.dll

dbghelp: loaded successfully - version: 4.0.5 - missing functions: none
symbol engine: initialized successfully - sym options: 0x614 - pdb path: .;C:\Users\HP\AppData\Roaming\Code\User\globalStorage\pleiades.java-extension-pack-jdk\java\17\bin;C:\WINDOWS\SYSTEM32;C:\WINDOWS\WinSxS\amd64_microsoft.windows.common-controls_6595b64144ccf1df_6.0.22621.3672_none_2713b9d173822955;C:\Users\HP\AppData\Roaming\Code\User\globalStorage\pleiades.java-extension-pack-jdk\java\17\bin\server

VM Arguments:
jvm_args: -XX:+ShowCodeDetailsInExceptionMessages 
java_command: com.alibou.websocket.ChatApplication
java_class_path (initial): C:\Users\HP\Downloads\STOMP-websockets-springboot-master\STOMP-websockets-springboot-master\target\classes;C:\Users\HP\.m2\repository\org\springframework\boot\spring-boot-starter-web\3.0.5\spring-boot-starter-web-3.0.5.jar;C:\Users\HP\.m2\repository\org\springframework\boot\spring-boot-starter\3.0.5\spring-boot-starter-3.0.5.jar;C:\Users\HP\.m2\repository\org\springframework\boot\spring-boot\3.0.5\spring-boot-3.0.5.jar;C:\Users\HP\.m2\repository\org\springframework\boot\spring-boot-autoconfigure\3.0.5\spring-boot-autoconfigure-3.0.5.jar;C:\Users\HP\.m2\repository\org\springframework\boot\spring-boot-starter-logging\3.0.5\spring-boot-starter-logging-3.0.5.jar;C:\Users\HP\.m2\repository\ch\qos\logback\logback-classic\1.4.6\logback-classic-1.4.6.jar;C:\Users\HP\.m2\repository\ch\qos\logback\logback-core\1.4.6\logback-core-1.4.6.jar;C:\Users\HP\.m2\repository\org\apache\logging\log4j\log4j-to-slf4j\2.19.0\log4j-to-slf4j-2.19.0.jar;C:\Users\HP\.m2\repository\org\apache\logging\log4j\log4j-api\2.19.0\log4j-api-2.19.0.jar;C:\Users\HP\.m2\repository\org\slf4j\jul-to-slf4j\2.0.7\jul-to-slf4j-2.0.7.jar;C:\Users\HP\.m2\repository\jakarta\annotation\jakarta.annotation-api\2.1.1\jakarta.annotation-api-2.1.1.jar;C:\Users\HP\.m2\repository\org\yaml\snakeyaml\1.33\snakeyaml-1.33.jar;C:\Users\HP\.m2\repository\org\springframework\boot\spring-boot-starter-json\3.0.5\spring-boot-starter-json-3.0.5.jar;C:\Users\HP\.m2\repository\com\fasterxml\jackson\core\jackson-databind\2.14.2\jackson-databind-2.14.2.jar;C:\Users\HP\.m2\repository\com\fasterxml\jackson\core\jackson-annotations\2.14.2\jackson-annotations-2.14.2.jar;C:\Users\HP\.m2\repository\com\fasterxml\jackson\core\jackson-core\2.14.2\jackson-core-2.14.2.jar;C:\Users\HP\.m2\repository\com\fasterxml\jackson\datatype\jackson-datatype-jdk8\2.14.2\jackson-datatype-jdk8-2.14.2.jar;C:\Users\HP\.m2\repository\com\fasterxml\jackson\datatype\jackson-datatype-jsr310\2.14.2\jackson-datatype-jsr310-2.14.2.jar;C:\Us
Launcher Type: SUN_STANDARD

[Global flags]
     intx CICompilerCount                          = 3                                         {product} {ergonomic}
     uint ConcGCThreads                            = 2                                         {product} {ergonomic}
     uint G1ConcRefinementThreads                  = 6                                         {product} {ergonomic}
   size_t G1HeapRegionSize                         = 1048576                                   {product} {ergonomic}
    uintx GCDrainStackTargetSize                   = 64                                        {product} {ergonomic}
   size_t InitialHeapSize                          = 125829120                                 {product} {ergonomic}
   size_t MarkStackSize                            = 4194304                                   {product} {ergonomic}
   size_t MaxHeapSize                              = 1983905792                                {product} {ergonomic}
   size_t MaxNewSize                               = 1190133760                                {product} {ergonomic}
   size_t MinHeapDeltaBytes                        = 1048576                                   {product} {ergonomic}
   size_t MinHeapSize                              = 8388608                                   {product} {ergonomic}
    uintx NonNMethodCodeHeapSize                   = 5832780                                {pd product} {ergonomic}
    uintx NonProfiledCodeHeapSize                  = 122912730                              {pd product} {ergonomic}
    uintx ProfiledCodeHeapSize                     = 122912730                              {pd product} {ergonomic}
    uintx ReservedCodeCacheSize                    = 251658240                              {pd product} {ergonomic}
     bool SegmentedCodeCache                       = true                                      {product} {ergonomic}
     bool ShowCodeDetailsInExceptionMessages       = true                                   {manageable} {command line}
   size_t SoftMaxHeapSize                          = 1983905792                             {manageable} {ergonomic}
     bool UseCompressedClassPointers               = true                           {product lp64_product} {ergonomic}
     bool UseCompressedOops                        = true                           {product lp64_product} {ergonomic}
     bool UseG1GC                                  = true                                      {product} {ergonomic}
     bool UseLargePagesIndividualAllocation        = false                                  {pd product} {ergonomic}

Logging:
Log output configuration:
 #0: stdout all=warning uptime,level,tags
 #1: stderr all=off uptime,level,tags

Environment Variables:
JAVA_HOME=C:\Program Files\Java\jdk-21
PATH=C:\Users\HP\AppData\Roaming\Code\User\globalStorage\pleiades.java-extension-pack-jdk\gradle\latest\bin;C:\Users\HP\AppData\Roaming\Code\User\globalStorage\pleiades.java-extension-pack-jdk\maven\latest\bin;C:\Program Files\Java\jdk-21\bin;C:\Python312\Scripts\;C:\Python312\;C:\Program Files\Common Files\Oracle\Java\javapath;C:\Program Files (x86)\Common Files\Oracle\Java\javapath;C:\WINDOWS\system32;C:\WINDOWS;C:\WINDOWS\System32\Wbem;C:\WINDOWS\System32\WindowsPowerShell\v1.0\;C:\WINDOWS\System32\OpenSSH\;C:\Program Files\Git\cmd;C:\MinGW\bin;C:\Program Files\wkhtmltopdf\bin;C:\Program Files (x86)\Java\jre-1.8\bin;C:\Program Files\jdk-20.0.2\bin;C:\Program Files\MongoDB\Server\7.0\bin;C:\Program Files\Amazon\AWSCLIV2\;C:\Program Files\Docker\Docker\resources\bin;C:\Users\HP\OpenSSH-Win64;C:\ProgramData\chocolatey\bin;C:\Program Files (x86)\Yarn\bin\;C:\Program Files\nodejs\;C:\Program Files\MongoDB\Server\5.0\bin;C:\Program Files\MySQL\MySQL Server 8.0\bin;C:\Users\HP\AppData\Local\Programs\Python\Python38\Scripts\;C:\Users\HP\AppData\Local\Programs\Python\Python38\;C:\Users\HP\AppData\Local\Microsoft\WindowsApps;C:\Program Files\JetBrains\PyCharm Community Edition 2023.1.3\bin;;C:\Program Files\heroku\bin;C:\Users\HP\apache-maven-3.9.6\bin;C:\Program Files\JetBrains\DataGrip 2023.3.4\bin;;C:\Program Files\MySQL\MySQL Server 8.3\bin;C:\Users\HP\AppData\Local\Programs\oh-my-posh\bin;C:\Users\HP\AppData\Local\Yarn\bin;C:\Users\HP\AppData\Roaming\npm;C:\Program Files\MongoDB\Server\5.0\bin;C:\Users\HP\AppData\Local\Programs\Microsoft VS Code\bin;C:\Program Files\MySQL\MySQL Server 8.0\bin;
USERNAME=HP
LANG=en_US.UTF-8
OS=Windows_NT
PROCESSOR_IDENTIFIER=AMD64 Family 23 Model 96 Stepping 1, AuthenticAMD
TMP=C:\Users\HP\AppData\Local\Temp
TEMP=C:\Users\HP\AppData\Local\Temp



Periodic native trim disabled


---------------  S Y S T E M  ---------------

OS:
 Windows 11 , 64 bit Build 22621 (10.0.22621.3958)
OS uptime: 0 days 7:50 hours
Hyper-V role detected

CPU: total 6 (initial active 6) (6 cores per cpu, 1 threads per core) family 23 model 96 stepping 1 microcode 0x0, cx8, cmov, fxsr, mmx, 3dnowpref, sse, sse2, sse3, ssse3, sse4a, sse4.1, sse4.2, popcnt, lzcnt, tsc, tscinvbit, avx, avx2, aes, clmul, bmi1, bmi2, adx, sha, fma, vzeroupper, clflush, clflushopt, hv
Processor Information for all 6 processors :
  Max Mhz: 2375, Current Mhz: 2375, Mhz Limit: 2375

Memory: 4k page, system-wide physical 7564M (710M free)
TotalPageFile size 17339M (AvailPageFile size 484M)
current process WorkingSet (physical memory assigned to process): 65M, peak: 65M
current process commit charge ("private bytes"): 210M, peak: 211M

vm_info: OpenJDK 64-Bit Server VM (17.0.12+7) for windows-amd64 JRE (17.0.12+7), built on Jul 16 2024 22:08:24 by "admin" with MS VC++ 16.10 / 16.11 (VS2019)

END.
